[0.071s] Invoking command in '/ros2_autonomous_robot/build/my_robot_bringup': AMENT_PREFIX_PATH=/ros2_autonomous_robot/install/my_robot_description:${AMENT_PREFIX_PATH} CMAKE_PREFIX_PATH=/ros2_autonomous_robot/install/my_robot_description:/opt/ros/humble /usr/bin/cmake /ros2_autonomous_robot/src/my_robot_bringup -DAMENT_CMAKE_SYMLINK_INSTALL=1 -DCMAKE_INSTALL_PREFIX=/ros2_autonomous_robot/install/my_robot_bringup
[0.085s] -- Found ament_cmake: 1.3.5 (/opt/ros/humble/share/ament_cmake/cmake)
[0.260s] -- Override CMake install command with custom implementation using symlinks instead of copying resources
[0.357s] -- Configuring done
[0.366s] -- Generating done
[0.369s] -- Build files have been written to: /ros2_autonomous_robot/build/my_robot_bringup
[0.372s] Invoked command in '/ros2_autonomous_robot/build/my_robot_bringup' returned '0': AMENT_PREFIX_PATH=/ros2_autonomous_robot/install/my_robot_description:${AMENT_PREFIX_PATH} CMAKE_PREFIX_PATH=/ros2_autonomous_robot/install/my_robot_description:/opt/ros/humble /usr/bin/cmake /ros2_autonomous_robot/src/my_robot_bringup -DAMENT_CMAKE_SYMLINK_INSTALL=1 -DCMAKE_INSTALL_PREFIX=/ros2_autonomous_robot/install/my_robot_bringup
[0.374s] Invoking command in '/ros2_autonomous_robot/build/my_robot_bringup': AMENT_PREFIX_PATH=/ros2_autonomous_robot/install/my_robot_description:${AMENT_PREFIX_PATH} CMAKE_PREFIX_PATH=/ros2_autonomous_robot/install/my_robot_description:/opt/ros/humble /usr/bin/cmake --build /ros2_autonomous_robot/build/my_robot_bringup -- -j4 -l4
[0.420s] Invoked command in '/ros2_autonomous_robot/build/my_robot_bringup' returned '0': AMENT_PREFIX_PATH=/ros2_autonomous_robot/install/my_robot_description:${AMENT_PREFIX_PATH} CMAKE_PREFIX_PATH=/ros2_autonomous_robot/install/my_robot_description:/opt/ros/humble /usr/bin/cmake --build /ros2_autonomous_robot/build/my_robot_bringup -- -j4 -l4
[0.450s] Invoking command in '/ros2_autonomous_robot/build/my_robot_bringup': AMENT_PREFIX_PATH=/ros2_autonomous_robot/install/my_robot_description:${AMENT_PREFIX_PATH} CMAKE_PREFIX_PATH=/ros2_autonomous_robot/install/my_robot_description:/opt/ros/humble /usr/bin/cmake --install /ros2_autonomous_robot/build/my_robot_bringup
[0.466s] -- Install configuration: ""
[0.466s] -- Execute custom install script
[0.468s] -- Symlinking: /ros2_autonomous_robot/install/my_robot_bringup/share/my_robot_bringup/launch/my_robot_gazebo.launch.xml
[0.481s] -- Symlinking: /ros2_autonomous_robot/install/my_robot_bringup/share/ament_index/resource_index/package_run_dependencies/my_robot_bringup
[0.492s] -- Symlinking: /ros2_autonomous_robot/install/my_robot_bringup/share/ament_index/resource_index/parent_prefix_path/my_robot_bringup
[0.502s] -- Symlinking: /ros2_autonomous_robot/install/my_robot_bringup/share/my_robot_bringup/environment/ament_prefix_path.sh
[0.513s] -- Symlinking: /ros2_autonomous_robot/install/my_robot_bringup/share/my_robot_bringup/environment/ament_prefix_path.dsv
[0.524s] -- Symlinking: /ros2_autonomous_robot/install/my_robot_bringup/share/my_robot_bringup/environment/path.sh
[0.534s] -- Symlinking: /ros2_autonomous_robot/install/my_robot_bringup/share/my_robot_bringup/environment/path.dsv
[0.544s] -- Symlinking: /ros2_autonomous_robot/install/my_robot_bringup/share/my_robot_bringup/local_setup.bash
[0.554s] -- Symlinking: /ros2_autonomous_robot/install/my_robot_bringup/share/my_robot_bringup/local_setup.sh
[0.568s] -- Symlinking: /ros2_autonomous_robot/install/my_robot_bringup/share/my_robot_bringup/local_setup.zsh
[0.584s] -- Symlinking: /ros2_autonomous_robot/install/my_robot_bringup/share/my_robot_bringup/local_setup.dsv
[0.594s] -- Symlinking: /ros2_autonomous_robot/install/my_robot_bringup/share/my_robot_bringup/package.dsv
[0.604s] -- Symlinking: /ros2_autonomous_robot/install/my_robot_bringup/share/ament_index/resource_index/packages/my_robot_bringup
[0.615s] -- Symlinking: /ros2_autonomous_robot/install/my_robot_bringup/share/my_robot_bringup/cmake/my_robot_bringupConfig.cmake
[0.626s] -- Symlinking: /ros2_autonomous_robot/install/my_robot_bringup/share/my_robot_bringup/cmake/my_robot_bringupConfig-version.cmake
[0.637s] -- Symlinking: /ros2_autonomous_robot/install/my_robot_bringup/share/my_robot_bringup/package.xml
[0.649s] Invoked command in '/ros2_autonomous_robot/build/my_robot_bringup' returned '0': AMENT_PREFIX_PATH=/ros2_autonomous_robot/install/my_robot_description:${AMENT_PREFIX_PATH} CMAKE_PREFIX_PATH=/ros2_autonomous_robot/install/my_robot_description:/opt/ros/humble /usr/bin/cmake --install /ros2_autonomous_robot/build/my_robot_bringup
