[0.080s] Invoking command in '/ros2_autonomous_robot/build/my_robot_bringup': AMENT_PREFIX_PATH=/ros2_autonomous_robot/install/my_robot_description:${AMENT_PREFIX_PATH} CMAKE_PREFIX_PATH=/ros2_autonomous_robot/install/my_robot_description:/opt/ros/humble /usr/bin/cmake --build /ros2_autonomous_robot/build/my_robot_bringup -- -j4 -l4
[0.139s] Invoked command in '/ros2_autonomous_robot/build/my_robot_bringup' returned '0': AMENT_PREFIX_PATH=/ros2_autonomous_robot/install/my_robot_description:${AMENT_PREFIX_PATH} CMAKE_PREFIX_PATH=/ros2_autonomous_robot/install/my_robot_description:/opt/ros/humble /usr/bin/cmake --build /ros2_autonomous_robot/build/my_robot_bringup -- -j4 -l4
[0.166s] Invoking command in '/ros2_autonomous_robot/build/my_robot_bringup': AMENT_PREFIX_PATH=/ros2_autonomous_robot/install/my_robot_description:${AMENT_PREFIX_PATH} CMAKE_PREFIX_PATH=/ros2_autonomous_robot/install/my_robot_description:/opt/ros/humble /usr/bin/cmake --install /ros2_autonomous_robot/build/my_robot_bringup
[0.177s] -- Install configuration: ""
[0.178s] -- Execute custom install script
[0.179s] -- Up-to-date symlink: /ros2_autonomous_robot/install/my_robot_bringup/share/my_robot_bringup//launch/my_robot_gazebo.launch.xml
[0.179s] -- Up-to-date symlink: /ros2_autonomous_robot/install/my_robot_bringup/share/my_robot_bringup//rviz/urdf_config.rviz
[0.180s] -- Up-to-date symlink: /ros2_autonomous_robot/install/my_robot_bringup/share/my_robot_bringup//worlds/test_world.world
[0.180s] -- Up-to-date symlink: /ros2_autonomous_robot/install/my_robot_bringup/share/ament_index/resource_index/package_run_dependencies/my_robot_bringup
[0.180s] -- Up-to-date symlink: /ros2_autonomous_robot/install/my_robot_bringup/share/ament_index/resource_index/parent_prefix_path/my_robot_bringup
[0.181s] -- Up-to-date symlink: /ros2_autonomous_robot/install/my_robot_bringup/share/my_robot_bringup/environment/ament_prefix_path.sh
[0.181s] -- Up-to-date symlink: /ros2_autonomous_robot/install/my_robot_bringup/share/my_robot_bringup/environment/ament_prefix_path.dsv
[0.181s] -- Up-to-date symlink: /ros2_autonomous_robot/install/my_robot_bringup/share/my_robot_bringup/environment/path.sh
[0.182s] -- Up-to-date symlink: /ros2_autonomous_robot/install/my_robot_bringup/share/my_robot_bringup/environment/path.dsv
[0.182s] -- Up-to-date symlink: /ros2_autonomous_robot/install/my_robot_bringup/share/my_robot_bringup/local_setup.bash
[0.182s] -- Up-to-date symlink: /ros2_autonomous_robot/install/my_robot_bringup/share/my_robot_bringup/local_setup.sh
[0.183s] -- Up-to-date symlink: /ros2_autonomous_robot/install/my_robot_bringup/share/my_robot_bringup/local_setup.zsh
[0.183s] -- Up-to-date symlink: /ros2_autonomous_robot/install/my_robot_bringup/share/my_robot_bringup/local_setup.dsv
[0.183s] -- Symlinking: /ros2_autonomous_robot/install/my_robot_bringup/share/my_robot_bringup/package.dsv
[0.196s] -- Up-to-date symlink: /ros2_autonomous_robot/install/my_robot_bringup/share/ament_index/resource_index/packages/my_robot_bringup
[0.197s] -- Up-to-date symlink: /ros2_autonomous_robot/install/my_robot_bringup/share/my_robot_bringup/cmake/my_robot_bringupConfig.cmake
[0.197s] -- Up-to-date symlink: /ros2_autonomous_robot/install/my_robot_bringup/share/my_robot_bringup/cmake/my_robot_bringupConfig-version.cmake
[0.197s] -- Up-to-date symlink: /ros2_autonomous_robot/install/my_robot_bringup/share/my_robot_bringup/package.xml
[0.202s] Invoked command in '/ros2_autonomous_robot/build/my_robot_bringup' returned '0': AMENT_PREFIX_PATH=/ros2_autonomous_robot/install/my_robot_description:${AMENT_PREFIX_PATH} CMAKE_PREFIX_PATH=/ros2_autonomous_robot/install/my_robot_description:/opt/ros/humble /usr/bin/cmake --install /ros2_autonomous_robot/build/my_robot_bringup
