[0.118s] Invoking command in '/ros2_autonomous_robot/build/my_robot_bringup': CMAKE_PREFIX_PATH=/ros2_autonomous_robot/install/my_robot_description:/ros2_autonomous_robot/install/my_robot_bringup:/opt/ros/humble /usr/bin/cmake --build /ros2_autonomous_robot/build/my_robot_bringup -- -j4 -l4
[0.168s] Invoked command in '/ros2_autonomous_robot/build/my_robot_bringup' returned '0': CMAKE_PREFIX_PATH=/ros2_autonomous_robot/install/my_robot_description:/ros2_autonomous_robot/install/my_robot_bringup:/opt/ros/humble /usr/bin/cmake --build /ros2_autonomous_robot/build/my_robot_bringup -- -j4 -l4
[0.194s] Invoking command in '/ros2_autonomous_robot/build/my_robot_bringup': CMAKE_PREFIX_PATH=/ros2_autonomous_robot/install/my_robot_description:/ros2_autonomous_robot/install/my_robot_bringup:/opt/ros/humble /usr/bin/cmake --install /ros2_autonomous_robot/build/my_robot_bringup
[0.203s] -- Install configuration: ""
[0.204s] -- Execute custom install script
[0.204s] -- Up-to-date symlink: /ros2_autonomous_robot/install/my_robot_bringup/share/my_robot_bringup//launch/my_robot_gazebo.launch.xml
[0.205s] -- Up-to-date symlink: /ros2_autonomous_robot/install/my_robot_bringup/share/my_robot_bringup//rviz/urdf_config.rviz
[0.205s] -- Up-to-date symlink: /ros2_autonomous_robot/install/my_robot_bringup/share/my_robot_bringup//worlds/test_world.world
[0.206s] -- Up-to-date symlink: /ros2_autonomous_robot/install/my_robot_bringup/share/ament_index/resource_index/package_run_dependencies/my_robot_bringup
[0.206s] -- Up-to-date symlink: /ros2_autonomous_robot/install/my_robot_bringup/share/ament_index/resource_index/parent_prefix_path/my_robot_bringup
[0.206s] -- Up-to-date symlink: /ros2_autonomous_robot/install/my_robot_bringup/share/my_robot_bringup/environment/ament_prefix_path.sh
[0.207s] -- Up-to-date symlink: /ros2_autonomous_robot/install/my_robot_bringup/share/my_robot_bringup/environment/ament_prefix_path.dsv
[0.207s] -- Up-to-date symlink: /ros2_autonomous_robot/install/my_robot_bringup/share/my_robot_bringup/environment/path.sh
[0.207s] -- Up-to-date symlink: /ros2_autonomous_robot/install/my_robot_bringup/share/my_robot_bringup/environment/path.dsv
[0.208s] -- Up-to-date symlink: /ros2_autonomous_robot/install/my_robot_bringup/share/my_robot_bringup/local_setup.bash
[0.208s] -- Up-to-date symlink: /ros2_autonomous_robot/install/my_robot_bringup/share/my_robot_bringup/local_setup.sh
[0.209s] -- Up-to-date symlink: /ros2_autonomous_robot/install/my_robot_bringup/share/my_robot_bringup/local_setup.zsh
[0.209s] -- Up-to-date symlink: /ros2_autonomous_robot/install/my_robot_bringup/share/my_robot_bringup/local_setup.dsv
[0.209s] -- Symlinking: /ros2_autonomous_robot/install/my_robot_bringup/share/my_robot_bringup/package.dsv
[0.221s] -- Up-to-date symlink: /ros2_autonomous_robot/install/my_robot_bringup/share/ament_index/resource_index/packages/my_robot_bringup
[0.222s] -- Up-to-date symlink: /ros2_autonomous_robot/install/my_robot_bringup/share/my_robot_bringup/cmake/my_robot_bringupConfig.cmake
[0.222s] -- Up-to-date symlink: /ros2_autonomous_robot/install/my_robot_bringup/share/my_robot_bringup/cmake/my_robot_bringupConfig-version.cmake
[0.222s] -- Up-to-date symlink: /ros2_autonomous_robot/install/my_robot_bringup/share/my_robot_bringup/package.xml
[0.225s] Invoked command in '/ros2_autonomous_robot/build/my_robot_bringup' returned '0': CMAKE_PREFIX_PATH=/ros2_autonomous_robot/install/my_robot_description:/ros2_autonomous_robot/install/my_robot_bringup:/opt/ros/humble /usr/bin/cmake --install /ros2_autonomous_robot/build/my_robot_bringup
