[0.073s] Invoking command in '/ros2_autonomous_robot/build/my_robot_description': CMAKE_PREFIX_PATH=/opt/ros/humble /usr/bin/cmake --build /ros2_autonomous_robot/build/my_robot_description -- -j4 -l4
[0.117s] Invoked command in '/ros2_autonomous_robot/build/my_robot_description' returned '0': CMAKE_PREFIX_PATH=/opt/ros/humble /usr/bin/cmake --build /ros2_autonomous_robot/build/my_robot_description -- -j4 -l4
[0.156s] Invoking command in '/ros2_autonomous_robot/build/my_robot_description': CMAKE_PREFIX_PATH=/opt/ros/humble /usr/bin/cmake --install /ros2_autonomous_robot/build/my_robot_description
[0.166s] -- Install configuration: ""
[0.166s] -- Execute custom install script
[0.167s] -- Up-to-date symlink: /ros2_autonomous_robot/install/my_robot_description/share/my_robot_description/urdf/common_properties.xacro
[0.167s] -- Up-to-date symlink: /ros2_autonomous_robot/install/my_robot_description/share/my_robot_description/urdf/mobile_base.xacro
[0.167s] -- Symlinking: /ros2_autonomous_robot/install/my_robot_description/share/my_robot_description/urdf/mobile_base_gazebo.xacro
[0.178s] -- Up-to-date symlink: /ros2_autonomous_robot/install/my_robot_description/share/my_robot_description/urdf/my_robot.urdf.xacro
[0.178s] -- Up-to-date symlink: /ros2_autonomous_robot/install/my_robot_description/share/my_robot_description/launch/display.launch.xml
[0.179s] -- Up-to-date symlink: /ros2_autonomous_robot/install/my_robot_description/share/my_robot_description/rviz/urdf_config.rviz
[0.179s] -- Up-to-date symlink: /ros2_autonomous_robot/install/my_robot_description/share/ament_index/resource_index/package_run_dependencies/my_robot_description
[0.179s] -- Up-to-date symlink: /ros2_autonomous_robot/install/my_robot_description/share/ament_index/resource_index/parent_prefix_path/my_robot_description
[0.180s] -- Up-to-date symlink: /ros2_autonomous_robot/install/my_robot_description/share/my_robot_description/environment/ament_prefix_path.sh
[0.180s] -- Up-to-date symlink: /ros2_autonomous_robot/install/my_robot_description/share/my_robot_description/environment/ament_prefix_path.dsv
[0.180s] -- Up-to-date symlink: /ros2_autonomous_robot/install/my_robot_description/share/my_robot_description/environment/path.sh
[0.181s] -- Up-to-date symlink: /ros2_autonomous_robot/install/my_robot_description/share/my_robot_description/environment/path.dsv
[0.181s] -- Up-to-date symlink: /ros2_autonomous_robot/install/my_robot_description/share/my_robot_description/local_setup.bash
[0.181s] -- Up-to-date symlink: /ros2_autonomous_robot/install/my_robot_description/share/my_robot_description/local_setup.sh
[0.181s] -- Up-to-date symlink: /ros2_autonomous_robot/install/my_robot_description/share/my_robot_description/local_setup.zsh
[0.182s] -- Up-to-date symlink: /ros2_autonomous_robot/install/my_robot_description/share/my_robot_description/local_setup.dsv
[0.182s] -- Symlinking: /ros2_autonomous_robot/install/my_robot_description/share/my_robot_description/package.dsv
[0.193s] -- Up-to-date symlink: /ros2_autonomous_robot/install/my_robot_description/share/ament_index/resource_index/packages/my_robot_description
[0.193s] -- Up-to-date symlink: /ros2_autonomous_robot/install/my_robot_description/share/my_robot_description/cmake/my_robot_descriptionConfig.cmake
[0.194s] -- Up-to-date symlink: /ros2_autonomous_robot/install/my_robot_description/share/my_robot_description/cmake/my_robot_descriptionConfig-version.cmake
[0.194s] -- Up-to-date symlink: /ros2_autonomous_robot/install/my_robot_description/share/my_robot_description/package.xml
[0.197s] Invoked command in '/ros2_autonomous_robot/build/my_robot_description' returned '0': CMAKE_PREFIX_PATH=/opt/ros/humble /usr/bin/cmake --install /ros2_autonomous_robot/build/my_robot_description
