[0.109s] Invoking command in '/ros2_autonomous_robot/build/my_robot_description': CMAKE_PREFIX_PATH=/opt/ros/humble /usr/bin/cmake /ros2_autonomous_robot/src/my_robot_description -DCMAKE_INSTALL_PREFIX=/ros2_autonomous_robot/install/my_robot_description
[0.191s] -- The C compiler identification is GNU 11.4.0
[0.262s] -- The CXX compiler identification is GNU 11.4.0
[0.271s] -- Detecting C compiler ABI info
[0.354s] -- Detecting C compiler ABI info - done
[0.364s] -- Check for working C compiler: /usr/bin/cc - skipped
[0.365s] -- Detecting C compile features
[0.366s] -- Detecting C compile features - done
[0.370s] -- Detecting CXX compiler ABI info
[0.484s] -- Detecting CXX compiler ABI info - done
[0.494s] -- Check for working CXX compiler: /usr/bin/c++ - skipped
[0.494s] -- Detecting CXX compile features
[0.495s] -- Detecting CXX compile features - done
[0.503s] -- Found ament_cmake: 1.3.5 (/opt/ros/humble/share/ament_cmake/cmake)
[0.716s] -- Found Python3: /usr/bin/python3.10 (found version "3.10.12") found components: Interpreter 
[0.923s] -- Configuring done
[0.927s] -- Generating done
[0.929s] -- Build files have been written to: /ros2_autonomous_robot/build/my_robot_description
[0.936s] Invoked command in '/ros2_autonomous_robot/build/my_robot_description' returned '0': CMAKE_PREFIX_PATH=/opt/ros/humble /usr/bin/cmake /ros2_autonomous_robot/src/my_robot_description -DCMAKE_INSTALL_PREFIX=/ros2_autonomous_robot/install/my_robot_description
[0.938s] Invoking command in '/ros2_autonomous_robot/build/my_robot_description': CMAKE_PREFIX_PATH=/opt/ros/humble /usr/bin/cmake --build /ros2_autonomous_robot/build/my_robot_description -- -j4 -l4
[0.986s] Invoked command in '/ros2_autonomous_robot/build/my_robot_description' returned '0': CMAKE_PREFIX_PATH=/opt/ros/humble /usr/bin/cmake --build /ros2_autonomous_robot/build/my_robot_description -- -j4 -l4
[1.022s] Invoking command in '/ros2_autonomous_robot/build/my_robot_description': CMAKE_PREFIX_PATH=/opt/ros/humble /usr/bin/cmake --install /ros2_autonomous_robot/build/my_robot_description
[1.033s] -- Install configuration: ""
[1.033s] -- Installing: /ros2_autonomous_robot/install/my_robot_description/share/my_robot_description/urdf
[1.034s] -- Installing: /ros2_autonomous_robot/install/my_robot_description/share/my_robot_description/urdf/my_robot.urdf
[1.034s] -- Installing: /ros2_autonomous_robot/install/my_robot_description/share/ament_index/resource_index/package_run_dependencies/my_robot_description
[1.035s] -- Installing: /ros2_autonomous_robot/install/my_robot_description/share/ament_index/resource_index/parent_prefix_path/my_robot_description
[1.035s] -- Installing: /ros2_autonomous_robot/install/my_robot_description/share/my_robot_description/environment/ament_prefix_path.sh
[1.035s] -- Installing: /ros2_autonomous_robot/install/my_robot_description/share/my_robot_description/environment/ament_prefix_path.dsv
[1.035s] -- Installing: /ros2_autonomous_robot/install/my_robot_description/share/my_robot_description/environment/path.sh
[1.036s] -- Installing: /ros2_autonomous_robot/install/my_robot_description/share/my_robot_description/environment/path.dsv
[1.036s] -- Installing: /ros2_autonomous_robot/install/my_robot_description/share/my_robot_description/local_setup.bash
[1.036s] -- Installing: /ros2_autonomous_robot/install/my_robot_description/share/my_robot_description/local_setup.sh
[1.036s] -- Installing: /ros2_autonomous_robot/install/my_robot_description/share/my_robot_description/local_setup.zsh
[1.036s] -- Installing: /ros2_autonomous_robot/install/my_robot_description/share/my_robot_description/local_setup.dsv
[1.037s] -- Installing: /ros2_autonomous_robot/install/my_robot_description/share/my_robot_description/package.dsv
[1.037s] -- Installing: /ros2_autonomous_robot/install/my_robot_description/share/ament_index/resource_index/packages/my_robot_description
[1.037s] -- Installing: /ros2_autonomous_robot/install/my_robot_description/share/my_robot_description/cmake/my_robot_descriptionConfig.cmake
[1.037s] -- Installing: /ros2_autonomous_robot/install/my_robot_description/share/my_robot_description/cmake/my_robot_descriptionConfig-version.cmake
[1.037s] -- Installing: /ros2_autonomous_robot/install/my_robot_description/share/my_robot_description/package.xml
[1.040s] Invoked command in '/ros2_autonomous_robot/build/my_robot_description' returned '0': CMAKE_PREFIX_PATH=/opt/ros/humble /usr/bin/cmake --install /ros2_autonomous_robot/build/my_robot_description
