[0.113s] Invoking command in '/ros2_autonomous_robot/build/my_robot_bringup': CMAKE_PREFIX_PATH=/ros2_autonomous_robot/install/my_robot_description:/ros2_autonomous_robot/install/my_robot_bringup:/opt/ros/humble /usr/bin/cmake /ros2_autonomous_robot/src/my_robot_bringup -DAMENT_CMAKE_SYMLINK_INSTALL=1 -DCMAKE_INSTALL_PREFIX=/ros2_autonomous_robot/install/my_robot_bringup
[0.128s] -- Found ament_cmake: 1.3.5 (/opt/ros/humble/share/ament_cmake/cmake)
[0.306s] -- Override CMake install command with custom implementation using symlinks instead of copying resources
[0.397s] -- Configuring done
[0.401s] -- Generating done
[0.402s] -- Build files have been written to: /ros2_autonomous_robot/build/my_robot_bringup
[0.405s] Invoked command in '/ros2_autonomous_robot/build/my_robot_bringup' returned '0': CMAKE_PREFIX_PATH=/ros2_autonomous_robot/install/my_robot_description:/ros2_autonomous_robot/install/my_robot_bringup:/opt/ros/humble /usr/bin/cmake /ros2_autonomous_robot/src/my_robot_bringup -DAMENT_CMAKE_SYMLINK_INSTALL=1 -DCMAKE_INSTALL_PREFIX=/ros2_autonomous_robot/install/my_robot_bringup
[0.407s] Invoking command in '/ros2_autonomous_robot/build/my_robot_bringup': CMAKE_PREFIX_PATH=/ros2_autonomous_robot/install/my_robot_description:/ros2_autonomous_robot/install/my_robot_bringup:/opt/ros/humble /usr/bin/cmake --build /ros2_autonomous_robot/build/my_robot_bringup -- -j4 -l4
[0.451s] Invoked command in '/ros2_autonomous_robot/build/my_robot_bringup' returned '0': CMAKE_PREFIX_PATH=/ros2_autonomous_robot/install/my_robot_description:/ros2_autonomous_robot/install/my_robot_bringup:/opt/ros/humble /usr/bin/cmake --build /ros2_autonomous_robot/build/my_robot_bringup -- -j4 -l4
[0.482s] Invoking command in '/ros2_autonomous_robot/build/my_robot_bringup': CMAKE_PREFIX_PATH=/ros2_autonomous_robot/install/my_robot_description:/ros2_autonomous_robot/install/my_robot_bringup:/opt/ros/humble /usr/bin/cmake --install /ros2_autonomous_robot/build/my_robot_bringup
[0.491s] -- Install configuration: ""
[0.492s] -- Execute custom install script
[0.492s] -- Up-to-date symlink: /ros2_autonomous_robot/install/my_robot_bringup/share/my_robot_bringup//launch/my_robot_gazebo.launch.xml
[0.493s] -- Up-to-date symlink: /ros2_autonomous_robot/install/my_robot_bringup/share/my_robot_bringup//rviz/urdf_config.rviz
[0.493s] -- Up-to-date symlink: /ros2_autonomous_robot/install/my_robot_bringup/share/my_robot_bringup//worlds/test_world.world
[0.494s] -- Up-to-date symlink: /ros2_autonomous_robot/install/my_robot_bringup/share/ament_index/resource_index/package_run_dependencies/my_robot_bringup
[0.494s] -- Up-to-date symlink: /ros2_autonomous_robot/install/my_robot_bringup/share/ament_index/resource_index/parent_prefix_path/my_robot_bringup
[0.494s] -- Up-to-date symlink: /ros2_autonomous_robot/install/my_robot_bringup/share/my_robot_bringup/environment/ament_prefix_path.sh
[0.495s] -- Up-to-date symlink: /ros2_autonomous_robot/install/my_robot_bringup/share/my_robot_bringup/environment/ament_prefix_path.dsv
[0.495s] -- Up-to-date symlink: /ros2_autonomous_robot/install/my_robot_bringup/share/my_robot_bringup/environment/path.sh
[0.495s] -- Up-to-date symlink: /ros2_autonomous_robot/install/my_robot_bringup/share/my_robot_bringup/environment/path.dsv
[0.496s] -- Up-to-date symlink: /ros2_autonomous_robot/install/my_robot_bringup/share/my_robot_bringup/local_setup.bash
[0.496s] -- Up-to-date symlink: /ros2_autonomous_robot/install/my_robot_bringup/share/my_robot_bringup/local_setup.sh
[0.496s] -- Up-to-date symlink: /ros2_autonomous_robot/install/my_robot_bringup/share/my_robot_bringup/local_setup.zsh
[0.496s] -- Up-to-date symlink: /ros2_autonomous_robot/install/my_robot_bringup/share/my_robot_bringup/local_setup.dsv
[0.497s] -- Symlinking: /ros2_autonomous_robot/install/my_robot_bringup/share/my_robot_bringup/package.dsv
[0.508s] -- Up-to-date symlink: /ros2_autonomous_robot/install/my_robot_bringup/share/ament_index/resource_index/packages/my_robot_bringup
[0.508s] -- Up-to-date symlink: /ros2_autonomous_robot/install/my_robot_bringup/share/my_robot_bringup/cmake/my_robot_bringupConfig.cmake
[0.508s] -- Up-to-date symlink: /ros2_autonomous_robot/install/my_robot_bringup/share/my_robot_bringup/cmake/my_robot_bringupConfig-version.cmake
[0.508s] -- Up-to-date symlink: /ros2_autonomous_robot/install/my_robot_bringup/share/my_robot_bringup/package.xml
[0.511s] Invoked command in '/ros2_autonomous_robot/build/my_robot_bringup' returned '0': CMAKE_PREFIX_PATH=/ros2_autonomous_robot/install/my_robot_description:/ros2_autonomous_robot/install/my_robot_bringup:/opt/ros/humble /usr/bin/cmake --install /ros2_autonomous_robot/build/my_robot_bringup
