[0.087s] Invoking command in '/ros2_autonomous_robot/build/my_robot_description': CMAKE_PREFIX_PATH=${CMAKE_PREFIX_PATH}:/opt/ros/humble /usr/bin/cmake /ros2_autonomous_robot/src/my_robot_description -DAMENT_CMAKE_SYMLINK_INSTALL=1 -DCMAKE_INSTALL_PREFIX=/ros2_autonomous_robot/install/my_robot_description
[0.103s] -- Found ament_cmake: 1.3.5 (/opt/ros/humble/share/ament_cmake/cmake)
[0.274s] -- Override CMake install command with custom implementation using symlinks instead of copying resources
[0.404s] -- Configuring done
[0.416s] -- Generating done
[0.416s] -- Build files have been written to: /ros2_autonomous_robot/build/my_robot_description
[0.421s] Invoked command in '/ros2_autonomous_robot/build/my_robot_description' returned '0': CMAKE_PREFIX_PATH=${CMAKE_PREFIX_PATH}:/opt/ros/humble /usr/bin/cmake /ros2_autonomous_robot/src/my_robot_description -DAMENT_CMAKE_SYMLINK_INSTALL=1 -DCMAKE_INSTALL_PREFIX=/ros2_autonomous_robot/install/my_robot_description
[0.422s] Invoking command in '/ros2_autonomous_robot/build/my_robot_description': CMAKE_PREFIX_PATH=${CMAKE_PREFIX_PATH}:/opt/ros/humble /usr/bin/cmake --build /ros2_autonomous_robot/build/my_robot_description -- -j4 -l4
[0.491s] Invoked command in '/ros2_autonomous_robot/build/my_robot_description' returned '0': CMAKE_PREFIX_PATH=${CMAKE_PREFIX_PATH}:/opt/ros/humble /usr/bin/cmake --build /ros2_autonomous_robot/build/my_robot_description -- -j4 -l4
[0.528s] Invoking command in '/ros2_autonomous_robot/build/my_robot_description': CMAKE_PREFIX_PATH=${CMAKE_PREFIX_PATH}:/opt/ros/humble /usr/bin/cmake --install /ros2_autonomous_robot/build/my_robot_description
[0.540s] -- Install configuration: ""
[0.541s] -- Execute custom install script
[0.542s] -- Up-to-date symlink: /ros2_autonomous_robot/install/my_robot_description/share/my_robot_description/urdf/common_properties.xacro
[0.542s] -- Up-to-date symlink: /ros2_autonomous_robot/install/my_robot_description/share/my_robot_description/urdf/mobile_base.xacro
[0.542s] -- Up-to-date symlink: /ros2_autonomous_robot/install/my_robot_description/share/my_robot_description/urdf/my_robot.urdf.xacro
[0.543s] -- Up-to-date symlink: /ros2_autonomous_robot/install/my_robot_description/share/my_robot_description/launch/display.launch.xml
[0.543s] -- Up-to-date symlink: /ros2_autonomous_robot/install/my_robot_description/share/my_robot_description/rviz/urdf_config.rviz
[0.544s] -- Up-to-date symlink: /ros2_autonomous_robot/install/my_robot_description/share/ament_index/resource_index/package_run_dependencies/my_robot_description
[0.544s] -- Up-to-date symlink: /ros2_autonomous_robot/install/my_robot_description/share/ament_index/resource_index/parent_prefix_path/my_robot_description
[0.544s] -- Up-to-date symlink: /ros2_autonomous_robot/install/my_robot_description/share/my_robot_description/environment/ament_prefix_path.sh
[0.545s] -- Up-to-date symlink: /ros2_autonomous_robot/install/my_robot_description/share/my_robot_description/environment/ament_prefix_path.dsv
[0.545s] -- Up-to-date symlink: /ros2_autonomous_robot/install/my_robot_description/share/my_robot_description/environment/path.sh
[0.545s] -- Up-to-date symlink: /ros2_autonomous_robot/install/my_robot_description/share/my_robot_description/environment/path.dsv
[0.546s] -- Up-to-date symlink: /ros2_autonomous_robot/install/my_robot_description/share/my_robot_description/local_setup.bash
[0.546s] -- Up-to-date symlink: /ros2_autonomous_robot/install/my_robot_description/share/my_robot_description/local_setup.sh
[0.546s] -- Up-to-date symlink: /ros2_autonomous_robot/install/my_robot_description/share/my_robot_description/local_setup.zsh
[0.547s] -- Up-to-date symlink: /ros2_autonomous_robot/install/my_robot_description/share/my_robot_description/local_setup.dsv
[0.547s] -- Symlinking: /ros2_autonomous_robot/install/my_robot_description/share/my_robot_description/package.dsv
[0.563s] -- Up-to-date symlink: /ros2_autonomous_robot/install/my_robot_description/share/ament_index/resource_index/packages/my_robot_description
[0.563s] -- Up-to-date symlink: /ros2_autonomous_robot/install/my_robot_description/share/my_robot_description/cmake/my_robot_descriptionConfig.cmake
[0.564s] -- Up-to-date symlink: /ros2_autonomous_robot/install/my_robot_description/share/my_robot_description/cmake/my_robot_descriptionConfig-version.cmake
[0.564s] -- Up-to-date symlink: /ros2_autonomous_robot/install/my_robot_description/share/my_robot_description/package.xml
[0.568s] Invoked command in '/ros2_autonomous_robot/build/my_robot_description' returned '0': CMAKE_PREFIX_PATH=${CMAKE_PREFIX_PATH}:/opt/ros/humble /usr/bin/cmake --install /ros2_autonomous_robot/build/my_robot_description
