[0.106s] Invoking command in '/ros2_autonomous_robot/build/my_robot_description': CMAKE_PREFIX_PATH=${CMAKE_PREFIX_PATH}:/opt/ros/humble /usr/bin/cmake --build /ros2_autonomous_robot/build/my_robot_description -- -j4 -l4
[0.166s] Invoked command in '/ros2_autonomous_robot/build/my_robot_description' returned '0': CMAKE_PREFIX_PATH=${CMAKE_PREFIX_PATH}:/opt/ros/humble /usr/bin/cmake --build /ros2_autonomous_robot/build/my_robot_description -- -j4 -l4
[0.203s] Invoking command in '/ros2_autonomous_robot/build/my_robot_description': CMAKE_PREFIX_PATH=${CMAKE_PREFIX_PATH}:/opt/ros/humble /usr/bin/cmake --install /ros2_autonomous_robot/build/my_robot_description
[0.212s] -- Install configuration: ""
[0.212s] -- Execute custom install script
[0.213s] -- Up-to-date symlink: /ros2_autonomous_robot/install/my_robot_description/share/my_robot_description/urdf/common_properties.xacro
[0.213s] -- Up-to-date symlink: /ros2_autonomous_robot/install/my_robot_description/share/my_robot_description/urdf/mobile_base.xacro
[0.214s] -- Up-to-date symlink: /ros2_autonomous_robot/install/my_robot_description/share/my_robot_description/urdf/my_robot.urdf.xacro
[0.214s] -- Up-to-date symlink: /ros2_autonomous_robot/install/my_robot_description/share/my_robot_description/launch/display.launch.xml
[0.214s] -- Up-to-date symlink: /ros2_autonomous_robot/install/my_robot_description/share/my_robot_description/rviz/urdf_config.rviz
[0.215s] -- Up-to-date symlink: /ros2_autonomous_robot/install/my_robot_description/share/ament_index/resource_index/package_run_dependencies/my_robot_description
[0.215s] -- Up-to-date symlink: /ros2_autonomous_robot/install/my_robot_description/share/ament_index/resource_index/parent_prefix_path/my_robot_description
[0.215s] -- Up-to-date symlink: /ros2_autonomous_robot/install/my_robot_description/share/my_robot_description/environment/ament_prefix_path.sh
[0.216s] -- Up-to-date symlink: /ros2_autonomous_robot/install/my_robot_description/share/my_robot_description/environment/ament_prefix_path.dsv
[0.216s] -- Up-to-date symlink: /ros2_autonomous_robot/install/my_robot_description/share/my_robot_description/environment/path.sh
[0.216s] -- Up-to-date symlink: /ros2_autonomous_robot/install/my_robot_description/share/my_robot_description/environment/path.dsv
[0.216s] -- Up-to-date symlink: /ros2_autonomous_robot/install/my_robot_description/share/my_robot_description/local_setup.bash
[0.217s] -- Up-to-date symlink: /ros2_autonomous_robot/install/my_robot_description/share/my_robot_description/local_setup.sh
[0.217s] -- Up-to-date symlink: /ros2_autonomous_robot/install/my_robot_description/share/my_robot_description/local_setup.zsh
[0.218s] -- Up-to-date symlink: /ros2_autonomous_robot/install/my_robot_description/share/my_robot_description/local_setup.dsv
[0.218s] -- Symlinking: /ros2_autonomous_robot/install/my_robot_description/share/my_robot_description/package.dsv
[0.228s] -- Up-to-date symlink: /ros2_autonomous_robot/install/my_robot_description/share/ament_index/resource_index/packages/my_robot_description
[0.228s] -- Up-to-date symlink: /ros2_autonomous_robot/install/my_robot_description/share/my_robot_description/cmake/my_robot_descriptionConfig.cmake
[0.229s] -- Up-to-date symlink: /ros2_autonomous_robot/install/my_robot_description/share/my_robot_description/cmake/my_robot_descriptionConfig-version.cmake
[0.229s] -- Up-to-date symlink: /ros2_autonomous_robot/install/my_robot_description/share/my_robot_description/package.xml
[0.232s] Invoked command in '/ros2_autonomous_robot/build/my_robot_description' returned '0': CMAKE_PREFIX_PATH=${CMAKE_PREFIX_PATH}:/opt/ros/humble /usr/bin/cmake --install /ros2_autonomous_robot/build/my_robot_description
