[1.503s] DEBUG:colcon:Command line arguments: ['/usr/bin/colcon', 'build', '--symlink-install']
[1.503s] DEBUG:colcon:Parsed command line arguments: Namespace(log_base=None, log_level=None, verb_name='build', build_base='build', install_base='install', merge_install=False, symlink_install=True, test_result_base=None, continue_on_error=False, executor='parallel', parallel_workers=4, event_handlers=None, ignore_user_meta=False, metas=['./colcon.meta'], base_paths=['.'], packages_ignore=None, packages_ignore_regex=None, paths=None, packages_up_to=None, packages_up_to_regex=None, packages_above=None, packages_above_and_dependencies=None, packages_above_depth=None, packages_select_by_dep=None, packages_skip_by_dep=None, packages_skip_up_to=None, packages_select_build_failed=False, packages_skip_build_finished=False, packages_select_test_failures=False, packages_skip_test_passed=False, packages_select=None, packages_skip=None, packages_select_regex=None, packages_skip_regex=None, packages_start=None, packages_end=None, cmake_args=None, cmake_target=None, cmake_target_skip_unavailable=False, cmake_clean_cache=False, cmake_clean_first=False, cmake_force_configure=False, ament_cmake_args=None, catkin_cmake_args=None, catkin_skip_building_tests=False, mixin_files=None, mixin=None, verb_parser=<colcon_mixin.mixin.mixin_argument.MixinArgumentDecorator object at 0x7f16cd3ec760>, verb_extension=<colcon_core.verb.build.BuildVerb object at 0x7f16cd47bc40>, main=<bound method BuildVerb.main of <colcon_core.verb.build.BuildVerb object at 0x7f16cd47bc40>>, mixin_verb=('build',))
[1.559s] Level 1:colcon.colcon_core.package_discovery:discover_packages(colcon_meta) check parameters
[1.559s] Level 1:colcon.colcon_core.package_discovery:discover_packages(recursive) check parameters
[1.560s] Level 1:colcon.colcon_core.package_discovery:discover_packages(ignore) check parameters
[1.560s] Level 1:colcon.colcon_core.package_discovery:discover_packages(path) check parameters
[1.560s] Level 1:colcon.colcon_core.package_discovery:discover_packages(colcon_meta) discover
[1.560s] Level 1:colcon.colcon_core.package_discovery:discover_packages(recursive) discover
[1.560s] INFO:colcon.colcon_core.package_discovery:Crawling recursively for packages in '/ros2_autonomous_robot'
[1.560s] Level 1:colcon.colcon_core.package_identification:_identify(.) by extensions ['ignore', 'ignore_ament_install']
[1.560s] Level 1:colcon.colcon_core.package_identification:_identify(.) by extension 'ignore'
[1.560s] Level 1:colcon.colcon_core.package_identification:_identify(.) by extension 'ignore_ament_install'
[1.560s] Level 1:colcon.colcon_core.package_identification:_identify(.) by extensions ['colcon_pkg']
[1.560s] Level 1:colcon.colcon_core.package_identification:_identify(.) by extension 'colcon_pkg'
[1.560s] Level 1:colcon.colcon_core.package_identification:_identify(.) by extensions ['colcon_meta']
[1.560s] Level 1:colcon.colcon_core.package_identification:_identify(.) by extension 'colcon_meta'
[1.560s] Level 1:colcon.colcon_core.package_identification:_identify(.) by extensions ['ros']
[1.560s] Level 1:colcon.colcon_core.package_identification:_identify(.) by extension 'ros'
[1.574s] Level 1:colcon.colcon_core.package_identification:_identify(.) by extensions ['cmake', 'python']
[1.574s] Level 1:colcon.colcon_core.package_identification:_identify(.) by extension 'cmake'
[1.575s] Level 1:colcon.colcon_core.package_identification:_identify(.) by extension 'python'
[1.575s] Level 1:colcon.colcon_core.package_identification:_identify(.) by extensions ['python_setup_py']
[1.575s] Level 1:colcon.colcon_core.package_identification:_identify(.) by extension 'python_setup_py'
[1.575s] Level 1:colcon.colcon_core.package_identification:_identify(build) by extensions ['ignore', 'ignore_ament_install']
[1.575s] Level 1:colcon.colcon_core.package_identification:_identify(build) by extension 'ignore'
[1.575s] Level 1:colcon.colcon_core.package_identification:_identify(build) ignored
[1.576s] Level 1:colcon.colcon_core.package_identification:_identify(install) by extensions ['ignore', 'ignore_ament_install']
[1.576s] Level 1:colcon.colcon_core.package_identification:_identify(install) by extension 'ignore'
[1.576s] Level 1:colcon.colcon_core.package_identification:_identify(install) ignored
[1.576s] Level 1:colcon.colcon_core.package_identification:_identify(log) by extensions ['ignore', 'ignore_ament_install']
[1.576s] Level 1:colcon.colcon_core.package_identification:_identify(log) by extension 'ignore'
[1.576s] Level 1:colcon.colcon_core.package_identification:_identify(log) ignored
[1.577s] Level 1:colcon.colcon_core.package_identification:_identify(src) by extensions ['ignore', 'ignore_ament_install']
[1.577s] Level 1:colcon.colcon_core.package_identification:_identify(src) by extension 'ignore'
[1.577s] Level 1:colcon.colcon_core.package_identification:_identify(src) by extension 'ignore_ament_install'
[1.577s] Level 1:colcon.colcon_core.package_identification:_identify(src) by extensions ['colcon_pkg']
[1.577s] Level 1:colcon.colcon_core.package_identification:_identify(src) by extension 'colcon_pkg'
[1.577s] Level 1:colcon.colcon_core.package_identification:_identify(src) by extensions ['colcon_meta']
[1.577s] Level 1:colcon.colcon_core.package_identification:_identify(src) by extension 'colcon_meta'
[1.577s] Level 1:colcon.colcon_core.package_identification:_identify(src) by extensions ['ros']
[1.577s] Level 1:colcon.colcon_core.package_identification:_identify(src) by extension 'ros'
[1.578s] Level 1:colcon.colcon_core.package_identification:_identify(src) by extensions ['cmake', 'python']
[1.578s] Level 1:colcon.colcon_core.package_identification:_identify(src) by extension 'cmake'
[1.578s] Level 1:colcon.colcon_core.package_identification:_identify(src) by extension 'python'
[1.578s] Level 1:colcon.colcon_core.package_identification:_identify(src) by extensions ['python_setup_py']
[1.578s] Level 1:colcon.colcon_core.package_identification:_identify(src) by extension 'python_setup_py'
[1.578s] Level 1:colcon.colcon_core.package_identification:_identify(src/my_robot_bringup) by extensions ['ignore', 'ignore_ament_install']
[1.578s] Level 1:colcon.colcon_core.package_identification:_identify(src/my_robot_bringup) by extension 'ignore'
[1.579s] Level 1:colcon.colcon_core.package_identification:_identify(src/my_robot_bringup) by extension 'ignore_ament_install'
[1.579s] Level 1:colcon.colcon_core.package_identification:_identify(src/my_robot_bringup) by extensions ['colcon_pkg']
[1.579s] Level 1:colcon.colcon_core.package_identification:_identify(src/my_robot_bringup) by extension 'colcon_pkg'
[1.579s] Level 1:colcon.colcon_core.package_identification:_identify(src/my_robot_bringup) by extensions ['colcon_meta']
[1.579s] Level 1:colcon.colcon_core.package_identification:_identify(src/my_robot_bringup) by extension 'colcon_meta'
[1.579s] Level 1:colcon.colcon_core.package_identification:_identify(src/my_robot_bringup) by extensions ['ros']
[1.579s] Level 1:colcon.colcon_core.package_identification:_identify(src/my_robot_bringup) by extension 'ros'
[1.583s] DEBUG:colcon.colcon_core.package_identification:Package 'src/my_robot_bringup' with type 'ros.ament_cmake' and name 'my_robot_bringup'
[1.583s] Level 1:colcon.colcon_core.package_identification:_identify(src/my_robot_description) by extensions ['ignore', 'ignore_ament_install']
[1.583s] Level 1:colcon.colcon_core.package_identification:_identify(src/my_robot_description) by extension 'ignore'
[1.583s] Level 1:colcon.colcon_core.package_identification:_identify(src/my_robot_description) by extension 'ignore_ament_install'
[1.583s] Level 1:colcon.colcon_core.package_identification:_identify(src/my_robot_description) by extensions ['colcon_pkg']
[1.583s] Level 1:colcon.colcon_core.package_identification:_identify(src/my_robot_description) by extension 'colcon_pkg'
[1.583s] Level 1:colcon.colcon_core.package_identification:_identify(src/my_robot_description) by extensions ['colcon_meta']
[1.583s] Level 1:colcon.colcon_core.package_identification:_identify(src/my_robot_description) by extension 'colcon_meta'
[1.584s] Level 1:colcon.colcon_core.package_identification:_identify(src/my_robot_description) by extensions ['ros']
[1.584s] Level 1:colcon.colcon_core.package_identification:_identify(src/my_robot_description) by extension 'ros'
[1.584s] DEBUG:colcon.colcon_core.package_identification:Package 'src/my_robot_description' with type 'ros.ament_cmake' and name 'my_robot_description'
[1.584s] Level 1:colcon.colcon_core.package_discovery:discover_packages(recursive) using defaults
[1.584s] Level 1:colcon.colcon_core.package_discovery:discover_packages(ignore) discover
[1.584s] Level 1:colcon.colcon_core.package_discovery:discover_packages(ignore) using defaults
[1.584s] Level 1:colcon.colcon_core.package_discovery:discover_packages(path) discover
[1.584s] Level 1:colcon.colcon_core.package_discovery:discover_packages(path) using defaults
[1.689s] Level 5:colcon.colcon_core.verb:set package 'my_robot_description' build argument 'cmake_args' from command line to 'None'
[1.690s] Level 5:colcon.colcon_core.verb:set package 'my_robot_description' build argument 'cmake_target' from command line to 'None'
[1.690s] Level 5:colcon.colcon_core.verb:set package 'my_robot_description' build argument 'cmake_target_skip_unavailable' from command line to 'False'
[1.690s] Level 5:colcon.colcon_core.verb:set package 'my_robot_description' build argument 'cmake_clean_cache' from command line to 'False'
[1.690s] Level 5:colcon.colcon_core.verb:set package 'my_robot_description' build argument 'cmake_clean_first' from command line to 'False'
[1.690s] Level 5:colcon.colcon_core.verb:set package 'my_robot_description' build argument 'cmake_force_configure' from command line to 'False'
[1.690s] Level 5:colcon.colcon_core.verb:set package 'my_robot_description' build argument 'ament_cmake_args' from command line to 'None'
[1.690s] Level 5:colcon.colcon_core.verb:set package 'my_robot_description' build argument 'catkin_cmake_args' from command line to 'None'
[1.690s] Level 5:colcon.colcon_core.verb:set package 'my_robot_description' build argument 'catkin_skip_building_tests' from command line to 'False'
[1.690s] DEBUG:colcon.colcon_core.verb:Building package 'my_robot_description' with the following arguments: {'ament_cmake_args': None, 'build_base': '/ros2_autonomous_robot/build/my_robot_description', 'catkin_cmake_args': None, 'catkin_skip_building_tests': False, 'cmake_args': None, 'cmake_clean_cache': False, 'cmake_clean_first': False, 'cmake_force_configure': False, 'cmake_target': None, 'cmake_target_skip_unavailable': False, 'install_base': '/ros2_autonomous_robot/install/my_robot_description', 'merge_install': False, 'path': '/ros2_autonomous_robot/src/my_robot_description', 'symlink_install': True, 'test_result_base': None}
[1.707s] Level 5:colcon.colcon_core.verb:set package 'my_robot_bringup' build argument 'cmake_args' from command line to 'None'
[1.707s] Level 5:colcon.colcon_core.verb:set package 'my_robot_bringup' build argument 'cmake_target' from command line to 'None'
[1.707s] Level 5:colcon.colcon_core.verb:set package 'my_robot_bringup' build argument 'cmake_target_skip_unavailable' from command line to 'False'
[1.707s] Level 5:colcon.colcon_core.verb:set package 'my_robot_bringup' build argument 'cmake_clean_cache' from command line to 'False'
[1.707s] Level 5:colcon.colcon_core.verb:set package 'my_robot_bringup' build argument 'cmake_clean_first' from command line to 'False'
[1.707s] Level 5:colcon.colcon_core.verb:set package 'my_robot_bringup' build argument 'cmake_force_configure' from command line to 'False'
[1.707s] Level 5:colcon.colcon_core.verb:set package 'my_robot_bringup' build argument 'ament_cmake_args' from command line to 'None'
[1.707s] Level 5:colcon.colcon_core.verb:set package 'my_robot_bringup' build argument 'catkin_cmake_args' from command line to 'None'
[1.707s] Level 5:colcon.colcon_core.verb:set package 'my_robot_bringup' build argument 'catkin_skip_building_tests' from command line to 'False'
[1.707s] DEBUG:colcon.colcon_core.verb:Building package 'my_robot_bringup' with the following arguments: {'ament_cmake_args': None, 'build_base': '/ros2_autonomous_robot/build/my_robot_bringup', 'catkin_cmake_args': None, 'catkin_skip_building_tests': False, 'cmake_args': None, 'cmake_clean_cache': False, 'cmake_clean_first': False, 'cmake_force_configure': False, 'cmake_target': None, 'cmake_target_skip_unavailable': False, 'install_base': '/ros2_autonomous_robot/install/my_robot_bringup', 'merge_install': False, 'path': '/ros2_autonomous_robot/src/my_robot_bringup', 'symlink_install': True, 'test_result_base': None}
[1.727s] INFO:colcon.colcon_core.executor:Executing jobs using 'parallel' executor
[1.746s] DEBUG:colcon.colcon_parallel_executor.executor.parallel:run_until_complete
[1.746s] INFO:colcon.colcon_ros.task.ament_cmake.build:Building ROS package in '/ros2_autonomous_robot/src/my_robot_description' with build type 'ament_cmake'
[1.746s] INFO:colcon.colcon_cmake.task.cmake.build:Building CMake package in '/ros2_autonomous_robot/src/my_robot_description'
[1.768s] INFO:colcon.colcon_core.plugin_system:Skipping extension 'colcon_core.shell.bat': Not used on non-Windows systems
[1.768s] INFO:colcon.colcon_core.shell:Skip shell extension 'powershell' for command environment: Not usable outside of PowerShell
[1.768s] DEBUG:colcon.colcon_core.shell:Skip shell extension 'dsv' for command environment
[1.817s] DEBUG:colcon.colcon_core.event_handler.log_command:Invoking command in '/ros2_autonomous_robot/build/my_robot_description': CMAKE_PREFIX_PATH=/opt/ros/humble /usr/bin/cmake /ros2_autonomous_robot/src/my_robot_description -DAMENT_CMAKE_SYMLINK_INSTALL=1 -DCMAKE_INSTALL_PREFIX=/ros2_autonomous_robot/install/my_robot_description
[2.321s] DEBUG:colcon.colcon_core.event_handler.log_command:Invoked command in '/ros2_autonomous_robot/build/my_robot_description' returned '0': CMAKE_PREFIX_PATH=/opt/ros/humble /usr/bin/cmake /ros2_autonomous_robot/src/my_robot_description -DAMENT_CMAKE_SYMLINK_INSTALL=1 -DCMAKE_INSTALL_PREFIX=/ros2_autonomous_robot/install/my_robot_description
[2.324s] DEBUG:colcon.colcon_core.event_handler.log_command:Invoking command in '/ros2_autonomous_robot/build/my_robot_description': CMAKE_PREFIX_PATH=/opt/ros/humble /usr/bin/cmake --build /ros2_autonomous_robot/build/my_robot_description -- -j4 -l4
[2.370s] DEBUG:colcon.colcon_core.event_handler.log_command:Invoked command in '/ros2_autonomous_robot/build/my_robot_description' returned '0': CMAKE_PREFIX_PATH=/opt/ros/humble /usr/bin/cmake --build /ros2_autonomous_robot/build/my_robot_description -- -j4 -l4
[2.408s] DEBUG:colcon.colcon_core.event_handler.log_command:Invoking command in '/ros2_autonomous_robot/build/my_robot_description': CMAKE_PREFIX_PATH=/opt/ros/humble /usr/bin/cmake --install /ros2_autonomous_robot/build/my_robot_description
[2.438s] Level 1:colcon.colcon_core.environment:create_environment_scripts_only(my_robot_description)
[2.439s] DEBUG:colcon.colcon_core.event_handler.log_command:Invoked command in '/ros2_autonomous_robot/build/my_robot_description' returned '0': CMAKE_PREFIX_PATH=/opt/ros/humble /usr/bin/cmake --install /ros2_autonomous_robot/build/my_robot_description
[2.460s] Level 1:colcon.colcon_core.environment:checking '/ros2_autonomous_robot/install/my_robot_description' for CMake module files
[2.461s] Level 1:colcon.colcon_core.environment:checking '/ros2_autonomous_robot/install/my_robot_description' for CMake config files
[2.461s] Level 1:colcon.colcon_core.shell:create_environment_hook('my_robot_description', 'cmake_prefix_path')
[2.482s] INFO:colcon.colcon_core.shell:Creating environment hook '/ros2_autonomous_robot/install/my_robot_description/share/my_robot_description/hook/cmake_prefix_path.ps1'
[2.483s] INFO:colcon.colcon_core.shell:Creating environment descriptor '/ros2_autonomous_robot/install/my_robot_description/share/my_robot_description/hook/cmake_prefix_path.dsv'
[2.484s] INFO:colcon.colcon_core.shell:Creating environment hook '/ros2_autonomous_robot/install/my_robot_description/share/my_robot_description/hook/cmake_prefix_path.sh'
[2.485s] Level 1:colcon.colcon_core.environment:checking '/ros2_autonomous_robot/install/my_robot_description/bin'
[2.485s] Level 1:colcon.colcon_core.environment:checking '/ros2_autonomous_robot/install/my_robot_description/lib/pkgconfig/my_robot_description.pc'
[2.488s] Level 1:colcon.colcon_core.environment:checking '/ros2_autonomous_robot/install/my_robot_description/lib/python3.10/site-packages'
[2.488s] Level 1:colcon.colcon_core.environment:checking '/ros2_autonomous_robot/install/my_robot_description/bin'
[2.506s] INFO:colcon.colcon_core.shell:Creating package script '/ros2_autonomous_robot/install/my_robot_description/share/my_robot_description/package.ps1'
[2.507s] INFO:colcon.colcon_core.shell:Creating package descriptor '/ros2_autonomous_robot/install/my_robot_description/share/my_robot_description/package.dsv'
[2.508s] INFO:colcon.colcon_core.shell:Creating package script '/ros2_autonomous_robot/install/my_robot_description/share/my_robot_description/package.sh'
[2.508s] INFO:colcon.colcon_core.shell:Creating package script '/ros2_autonomous_robot/install/my_robot_description/share/my_robot_description/package.bash'
[2.509s] INFO:colcon.colcon_core.shell:Creating package script '/ros2_autonomous_robot/install/my_robot_description/share/my_robot_description/package.zsh'
[2.510s] Level 1:colcon.colcon_core.environment:create_file_with_runtime_dependencies(/ros2_autonomous_robot/install/my_robot_description/share/colcon-core/packages/my_robot_description)
[2.552s] Level 1:colcon.colcon_core.environment:create_environment_scripts_only(my_robot_description)
[2.570s] Level 1:colcon.colcon_core.environment:checking '/ros2_autonomous_robot/install/my_robot_description' for CMake module files
[2.570s] Level 1:colcon.colcon_core.environment:checking '/ros2_autonomous_robot/install/my_robot_description' for CMake config files
[2.571s] Level 1:colcon.colcon_core.shell:create_environment_hook('my_robot_description', 'cmake_prefix_path')
[2.592s] INFO:colcon.colcon_core.shell:Creating environment hook '/ros2_autonomous_robot/install/my_robot_description/share/my_robot_description/hook/cmake_prefix_path.ps1'
[2.592s] INFO:colcon.colcon_core.shell:Creating environment descriptor '/ros2_autonomous_robot/install/my_robot_description/share/my_robot_description/hook/cmake_prefix_path.dsv'
[2.593s] INFO:colcon.colcon_core.shell:Creating environment hook '/ros2_autonomous_robot/install/my_robot_description/share/my_robot_description/hook/cmake_prefix_path.sh'
[2.594s] Level 1:colcon.colcon_core.environment:checking '/ros2_autonomous_robot/install/my_robot_description/bin'
[2.594s] Level 1:colcon.colcon_core.environment:checking '/ros2_autonomous_robot/install/my_robot_description/lib/pkgconfig/my_robot_description.pc'
[2.594s] Level 1:colcon.colcon_core.environment:checking '/ros2_autonomous_robot/install/my_robot_description/lib/python3.10/site-packages'
[2.595s] Level 1:colcon.colcon_core.environment:checking '/ros2_autonomous_robot/install/my_robot_description/bin'
[2.612s] INFO:colcon.colcon_core.shell:Creating package script '/ros2_autonomous_robot/install/my_robot_description/share/my_robot_description/package.ps1'
[2.612s] INFO:colcon.colcon_core.shell:Creating package descriptor '/ros2_autonomous_robot/install/my_robot_description/share/my_robot_description/package.dsv'
[2.613s] INFO:colcon.colcon_core.shell:Creating package script '/ros2_autonomous_robot/install/my_robot_description/share/my_robot_description/package.sh'
[2.614s] INFO:colcon.colcon_core.shell:Creating package script '/ros2_autonomous_robot/install/my_robot_description/share/my_robot_description/package.bash'
[2.614s] INFO:colcon.colcon_core.shell:Creating package script '/ros2_autonomous_robot/install/my_robot_description/share/my_robot_description/package.zsh'
[2.615s] Level 1:colcon.colcon_core.environment:create_file_with_runtime_dependencies(/ros2_autonomous_robot/install/my_robot_description/share/colcon-core/packages/my_robot_description)
[2.615s] INFO:colcon.colcon_ros.task.ament_cmake.build:Building ROS package in '/ros2_autonomous_robot/src/my_robot_bringup' with build type 'ament_cmake'
[2.615s] INFO:colcon.colcon_cmake.task.cmake.build:Building CMake package in '/ros2_autonomous_robot/src/my_robot_bringup'
[2.637s] INFO:colcon.colcon_core.shell:Skip shell extension 'powershell' for command environment: Not usable outside of PowerShell
[2.637s] DEBUG:colcon.colcon_core.shell:Skip shell extension 'dsv' for command environment
[2.687s] DEBUG:colcon.colcon_core.event_handler.log_command:Invoking command in '/ros2_autonomous_robot/build/my_robot_bringup': AMENT_PREFIX_PATH=/ros2_autonomous_robot/install/my_robot_description:${AMENT_PREFIX_PATH} CMAKE_PREFIX_PATH=/ros2_autonomous_robot/install/my_robot_description:/opt/ros/humble /usr/bin/cmake /ros2_autonomous_robot/src/my_robot_bringup -DAMENT_CMAKE_SYMLINK_INSTALL=1 -DCMAKE_INSTALL_PREFIX=/ros2_autonomous_robot/install/my_robot_bringup
[2.989s] DEBUG:colcon.colcon_core.event_handler.log_command:Invoked command in '/ros2_autonomous_robot/build/my_robot_bringup' returned '0': AMENT_PREFIX_PATH=/ros2_autonomous_robot/install/my_robot_description:${AMENT_PREFIX_PATH} CMAKE_PREFIX_PATH=/ros2_autonomous_robot/install/my_robot_description:/opt/ros/humble /usr/bin/cmake /ros2_autonomous_robot/src/my_robot_bringup -DAMENT_CMAKE_SYMLINK_INSTALL=1 -DCMAKE_INSTALL_PREFIX=/ros2_autonomous_robot/install/my_robot_bringup
[2.990s] DEBUG:colcon.colcon_core.event_handler.log_command:Invoking command in '/ros2_autonomous_robot/build/my_robot_bringup': AMENT_PREFIX_PATH=/ros2_autonomous_robot/install/my_robot_description:${AMENT_PREFIX_PATH} CMAKE_PREFIX_PATH=/ros2_autonomous_robot/install/my_robot_description:/opt/ros/humble /usr/bin/cmake --build /ros2_autonomous_robot/build/my_robot_bringup -- -j4 -l4
[3.036s] DEBUG:colcon.colcon_core.event_handler.log_command:Invoked command in '/ros2_autonomous_robot/build/my_robot_bringup' returned '0': AMENT_PREFIX_PATH=/ros2_autonomous_robot/install/my_robot_description:${AMENT_PREFIX_PATH} CMAKE_PREFIX_PATH=/ros2_autonomous_robot/install/my_robot_description:/opt/ros/humble /usr/bin/cmake --build /ros2_autonomous_robot/build/my_robot_bringup -- -j4 -l4
[3.067s] DEBUG:colcon.colcon_core.event_handler.log_command:Invoking command in '/ros2_autonomous_robot/build/my_robot_bringup': AMENT_PREFIX_PATH=/ros2_autonomous_robot/install/my_robot_description:${AMENT_PREFIX_PATH} CMAKE_PREFIX_PATH=/ros2_autonomous_robot/install/my_robot_description:/opt/ros/humble /usr/bin/cmake --install /ros2_autonomous_robot/build/my_robot_bringup
[3.265s] Level 1:colcon.colcon_core.environment:create_environment_scripts_only(my_robot_bringup)
[3.265s] DEBUG:colcon.colcon_core.event_handler.log_command:Invoked command in '/ros2_autonomous_robot/build/my_robot_bringup' returned '0': AMENT_PREFIX_PATH=/ros2_autonomous_robot/install/my_robot_description:${AMENT_PREFIX_PATH} CMAKE_PREFIX_PATH=/ros2_autonomous_robot/install/my_robot_description:/opt/ros/humble /usr/bin/cmake --install /ros2_autonomous_robot/build/my_robot_bringup
[3.285s] Level 1:colcon.colcon_core.environment:checking '/ros2_autonomous_robot/install/my_robot_bringup' for CMake module files
[3.286s] Level 1:colcon.colcon_core.environment:checking '/ros2_autonomous_robot/install/my_robot_bringup' for CMake config files
[3.286s] Level 1:colcon.colcon_core.shell:create_environment_hook('my_robot_bringup', 'cmake_prefix_path')
[3.304s] INFO:colcon.colcon_core.shell:Creating environment hook '/ros2_autonomous_robot/install/my_robot_bringup/share/my_robot_bringup/hook/cmake_prefix_path.ps1'
[3.305s] INFO:colcon.colcon_core.shell:Creating environment descriptor '/ros2_autonomous_robot/install/my_robot_bringup/share/my_robot_bringup/hook/cmake_prefix_path.dsv'
[3.305s] INFO:colcon.colcon_core.shell:Creating environment hook '/ros2_autonomous_robot/install/my_robot_bringup/share/my_robot_bringup/hook/cmake_prefix_path.sh'
[3.306s] Level 1:colcon.colcon_core.environment:checking '/ros2_autonomous_robot/install/my_robot_bringup/bin'
[3.306s] Level 1:colcon.colcon_core.environment:checking '/ros2_autonomous_robot/install/my_robot_bringup/lib/pkgconfig/my_robot_bringup.pc'
[3.306s] Level 1:colcon.colcon_core.environment:checking '/ros2_autonomous_robot/install/my_robot_bringup/lib/python3.10/site-packages'
[3.307s] Level 1:colcon.colcon_core.environment:checking '/ros2_autonomous_robot/install/my_robot_bringup/bin'
[3.333s] INFO:colcon.colcon_core.shell:Creating package script '/ros2_autonomous_robot/install/my_robot_bringup/share/my_robot_bringup/package.ps1'
[3.333s] INFO:colcon.colcon_core.shell:Creating package descriptor '/ros2_autonomous_robot/install/my_robot_bringup/share/my_robot_bringup/package.dsv'
[3.334s] INFO:colcon.colcon_core.shell:Creating package script '/ros2_autonomous_robot/install/my_robot_bringup/share/my_robot_bringup/package.sh'
[3.334s] INFO:colcon.colcon_core.shell:Creating package script '/ros2_autonomous_robot/install/my_robot_bringup/share/my_robot_bringup/package.bash'
[3.335s] INFO:colcon.colcon_core.shell:Creating package script '/ros2_autonomous_robot/install/my_robot_bringup/share/my_robot_bringup/package.zsh'
[3.335s] Level 1:colcon.colcon_core.environment:create_file_with_runtime_dependencies(/ros2_autonomous_robot/install/my_robot_bringup/share/colcon-core/packages/my_robot_bringup)
[3.378s] Level 1:colcon.colcon_core.environment:create_environment_scripts_only(my_robot_bringup)
[3.398s] Level 1:colcon.colcon_core.environment:checking '/ros2_autonomous_robot/install/my_robot_bringup' for CMake module files
[3.398s] Level 1:colcon.colcon_core.environment:checking '/ros2_autonomous_robot/install/my_robot_bringup' for CMake config files
[3.399s] Level 1:colcon.colcon_core.shell:create_environment_hook('my_robot_bringup', 'cmake_prefix_path')
[3.416s] INFO:colcon.colcon_core.shell:Creating environment hook '/ros2_autonomous_robot/install/my_robot_bringup/share/my_robot_bringup/hook/cmake_prefix_path.ps1'
[3.416s] INFO:colcon.colcon_core.shell:Creating environment descriptor '/ros2_autonomous_robot/install/my_robot_bringup/share/my_robot_bringup/hook/cmake_prefix_path.dsv'
[3.417s] INFO:colcon.colcon_core.shell:Creating environment hook '/ros2_autonomous_robot/install/my_robot_bringup/share/my_robot_bringup/hook/cmake_prefix_path.sh'
[3.417s] Level 1:colcon.colcon_core.environment:checking '/ros2_autonomous_robot/install/my_robot_bringup/bin'
[3.417s] Level 1:colcon.colcon_core.environment:checking '/ros2_autonomous_robot/install/my_robot_bringup/lib/pkgconfig/my_robot_bringup.pc'
[3.418s] Level 1:colcon.colcon_core.environment:checking '/ros2_autonomous_robot/install/my_robot_bringup/lib/python3.10/site-packages'
[3.418s] Level 1:colcon.colcon_core.environment:checking '/ros2_autonomous_robot/install/my_robot_bringup/bin'
[3.437s] INFO:colcon.colcon_core.shell:Creating package script '/ros2_autonomous_robot/install/my_robot_bringup/share/my_robot_bringup/package.ps1'
[3.438s] INFO:colcon.colcon_core.shell:Creating package descriptor '/ros2_autonomous_robot/install/my_robot_bringup/share/my_robot_bringup/package.dsv'
[3.439s] INFO:colcon.colcon_core.shell:Creating package script '/ros2_autonomous_robot/install/my_robot_bringup/share/my_robot_bringup/package.sh'
[3.439s] INFO:colcon.colcon_core.shell:Creating package script '/ros2_autonomous_robot/install/my_robot_bringup/share/my_robot_bringup/package.bash'
[3.440s] INFO:colcon.colcon_core.shell:Creating package script '/ros2_autonomous_robot/install/my_robot_bringup/share/my_robot_bringup/package.zsh'
[3.440s] Level 1:colcon.colcon_core.environment:create_file_with_runtime_dependencies(/ros2_autonomous_robot/install/my_robot_bringup/share/colcon-core/packages/my_robot_bringup)
[3.440s] DEBUG:colcon.colcon_parallel_executor.executor.parallel:closing loop
[3.441s] DEBUG:colcon.colcon_parallel_executor.executor.parallel:loop closed
[3.441s] DEBUG:colcon.colcon_parallel_executor.executor.parallel:run_until_complete finished with '0'
[3.441s] DEBUG:colcon.colcon_core.event_reactor:joining thread
[3.466s] INFO:colcon.colcon_core.plugin_system:Skipping extension 'colcon_notification.desktop_notification.notify_send': Could not find 'notify-send'
[3.466s] INFO:colcon.colcon_core.plugin_system:Skipping extension 'colcon_notification.desktop_notification.terminal_notifier': Not used on non-Darwin systems
[3.466s] INFO:colcon.colcon_core.plugin_system:Skipping extension 'colcon_notification.desktop_notification.win32': Not used on non-Windows systems
[3.466s] INFO:colcon.colcon_notification.desktop_notification:Sending desktop notification using 'notify2'
[3.471s] DEBUG:colcon.colcon_notification.desktop_notification.notify2:Failed to initialize notify2: org.freedesktop.DBus.Error.Spawn.ExecFailed: /usr/bin/dbus-launch terminated abnormally without any error message
[3.473s] DEBUG:colcon.colcon_core.event_reactor:joined thread
[3.494s] INFO:colcon.colcon_core.shell:Creating prefix script '/ros2_autonomous_robot/install/local_setup.ps1'
[3.496s] INFO:colcon.colcon_core.shell:Creating prefix util module '/ros2_autonomous_robot/install/_local_setup_util_ps1.py'
[3.497s] INFO:colcon.colcon_core.shell:Creating prefix chain script '/ros2_autonomous_robot/install/setup.ps1'
[3.515s] INFO:colcon.colcon_core.shell:Creating prefix script '/ros2_autonomous_robot/install/local_setup.sh'
[3.516s] INFO:colcon.colcon_core.shell:Creating prefix util module '/ros2_autonomous_robot/install/_local_setup_util_sh.py'
[3.517s] INFO:colcon.colcon_core.shell:Creating prefix chain script '/ros2_autonomous_robot/install/setup.sh'
[3.542s] INFO:colcon.colcon_core.shell:Creating prefix script '/ros2_autonomous_robot/install/local_setup.bash'
[3.542s] INFO:colcon.colcon_core.shell:Creating prefix chain script '/ros2_autonomous_robot/install/setup.bash'
[3.561s] INFO:colcon.colcon_core.shell:Creating prefix script '/ros2_autonomous_robot/install/local_setup.zsh'
[3.562s] INFO:colcon.colcon_core.shell:Creating prefix chain script '/ros2_autonomous_robot/install/setup.zsh'
