[0.085s] Invoking command in '/ros2_autonomous_robot/build/my_robot_description': CMAKE_PREFIX_PATH=/opt/ros/humble /usr/bin/cmake --build /ros2_autonomous_robot/build/my_robot_description -- -j4 -l4
[0.121s] -- Found ament_cmake: 1.3.5 (/opt/ros/humble/share/ament_cmake/cmake)
[0.323s] -- Override CMake install command with custom implementation using symlinks instead of copying resources
[0.459s] -- Configuring done
[0.462s] -- Generating done
[0.463s] -- Build files have been written to: /ros2_autonomous_robot/build/my_robot_description
[0.490s] Invoked command in '/ros2_autonomous_robot/build/my_robot_description' returned '0': CMAKE_PREFIX_PATH=/opt/ros/humble /usr/bin/cmake --build /ros2_autonomous_robot/build/my_robot_description -- -j4 -l4
[0.537s] Invoking command in '/ros2_autonomous_robot/build/my_robot_description': CMAKE_PREFIX_PATH=/opt/ros/humble /usr/bin/cmake --install /ros2_autonomous_robot/build/my_robot_description
[0.546s] -- Install configuration: ""
[0.546s] -- Execute custom install script
[0.547s] -- Up-to-date symlink: /ros2_autonomous_robot/install/my_robot_description/share/my_robot_description//urdf/common_properties.xacro
[0.547s] -- Up-to-date symlink: /ros2_autonomous_robot/install/my_robot_description/share/my_robot_description//urdf/mobile_base.xacro
[0.547s] -- Up-to-date symlink: /ros2_autonomous_robot/install/my_robot_description/share/my_robot_description//urdf/mobile_base_gazebo.xacro
[0.547s] -- Up-to-date symlink: /ros2_autonomous_robot/install/my_robot_description/share/my_robot_description//urdf/my_robot.urdf.xacro
[0.548s] -- Symlinking: /ros2_autonomous_robot/install/my_robot_description/share/my_robot_description//launch/display.launch.py
[0.557s] -- Up-to-date symlink: /ros2_autonomous_robot/install/my_robot_description/share/my_robot_description//launch/display.launch.xml
[0.558s] -- Up-to-date symlink: /ros2_autonomous_robot/install/my_robot_description/share/my_robot_description//rviz/urdf_config.rviz
[0.558s] -- Up-to-date symlink: /ros2_autonomous_robot/install/my_robot_description/share/ament_index/resource_index/package_run_dependencies/my_robot_description
[0.558s] -- Up-to-date symlink: /ros2_autonomous_robot/install/my_robot_description/share/ament_index/resource_index/parent_prefix_path/my_robot_description
[0.559s] -- Up-to-date symlink: /ros2_autonomous_robot/install/my_robot_description/share/my_robot_description/environment/ament_prefix_path.sh
[0.559s] -- Up-to-date symlink: /ros2_autonomous_robot/install/my_robot_description/share/my_robot_description/environment/ament_prefix_path.dsv
[0.559s] -- Up-to-date symlink: /ros2_autonomous_robot/install/my_robot_description/share/my_robot_description/environment/path.sh
[0.560s] -- Up-to-date symlink: /ros2_autonomous_robot/install/my_robot_description/share/my_robot_description/environment/path.dsv
[0.560s] -- Up-to-date symlink: /ros2_autonomous_robot/install/my_robot_description/share/my_robot_description/local_setup.bash
[0.560s] -- Up-to-date symlink: /ros2_autonomous_robot/install/my_robot_description/share/my_robot_description/local_setup.sh
[0.561s] -- Up-to-date symlink: /ros2_autonomous_robot/install/my_robot_description/share/my_robot_description/local_setup.zsh
[0.561s] -- Up-to-date symlink: /ros2_autonomous_robot/install/my_robot_description/share/my_robot_description/local_setup.dsv
[0.561s] -- Symlinking: /ros2_autonomous_robot/install/my_robot_description/share/my_robot_description/package.dsv
[0.571s] -- Up-to-date symlink: /ros2_autonomous_robot/install/my_robot_description/share/ament_index/resource_index/packages/my_robot_description
[0.571s] -- Up-to-date symlink: /ros2_autonomous_robot/install/my_robot_description/share/my_robot_description/cmake/my_robot_descriptionConfig.cmake
[0.572s] -- Up-to-date symlink: /ros2_autonomous_robot/install/my_robot_description/share/my_robot_description/cmake/my_robot_descriptionConfig-version.cmake
[0.572s] -- Up-to-date symlink: /ros2_autonomous_robot/install/my_robot_description/share/my_robot_description/package.xml
[0.574s] Invoked command in '/ros2_autonomous_robot/build/my_robot_description' returned '0': CMAKE_PREFIX_PATH=/opt/ros/humble /usr/bin/cmake --install /ros2_autonomous_robot/build/my_robot_description
