[0.087s] Invoking command in '/ros2_autonomous_robot/build/my_robot_description': CMAKE_PREFIX_PATH=${CMAKE_PREFIX_PATH}:/opt/ros/humble /usr/bin/cmake --build /ros2_autonomous_robot/build/my_robot_description -- -j4 -l4
[0.115s] -- Found ament_cmake: 1.3.5 (/opt/ros/humble/share/ament_cmake/cmake)
[0.391s] -- Configuring done
[0.396s] -- Generating done
[0.398s] -- Build files have been written to: /ros2_autonomous_robot/build/my_robot_description
[0.435s] Invoked command in '/ros2_autonomous_robot/build/my_robot_description' returned '0': CMAKE_PREFIX_PATH=${CMAKE_PREFIX_PATH}:/opt/ros/humble /usr/bin/cmake --build /ros2_autonomous_robot/build/my_robot_description -- -j4 -l4
[0.473s] Invoking command in '/ros2_autonomous_robot/build/my_robot_description': CMAKE_PREFIX_PATH=${CMAKE_PREFIX_PATH}:/opt/ros/humble /usr/bin/cmake --install /ros2_autonomous_robot/build/my_robot_description
[0.481s] -- Install configuration: ""
[0.482s] -- Up-to-date: /ros2_autonomous_robot/install/my_robot_description/share/my_robot_description/urdf
[0.482s] -- Up-to-date: /ros2_autonomous_robot/install/my_robot_description/share/my_robot_description/urdf/my_robot.urdf
[0.482s] -- Up-to-date: /ros2_autonomous_robot/install/my_robot_description/share/my_robot_description/launch
[0.482s] -- Installing: /ros2_autonomous_robot/install/my_robot_description/share/my_robot_description/launch/display.launch.xml
[0.482s] -- Installing: /ros2_autonomous_robot/install/my_robot_description/share/my_robot_description/config
[0.483s] -- Installing: /ros2_autonomous_robot/install/my_robot_description/share/my_robot_description/config/rviz_config.rviz
[0.483s] -- Up-to-date: /ros2_autonomous_robot/install/my_robot_description/share/ament_index/resource_index/package_run_dependencies/my_robot_description
[0.483s] -- Installing: /ros2_autonomous_robot/install/my_robot_description/share/ament_index/resource_index/parent_prefix_path/my_robot_description
[0.483s] -- Up-to-date: /ros2_autonomous_robot/install/my_robot_description/share/my_robot_description/environment/ament_prefix_path.sh
[0.483s] -- Installing: /ros2_autonomous_robot/install/my_robot_description/share/my_robot_description/environment/ament_prefix_path.dsv
[0.484s] -- Up-to-date: /ros2_autonomous_robot/install/my_robot_description/share/my_robot_description/environment/path.sh
[0.484s] -- Installing: /ros2_autonomous_robot/install/my_robot_description/share/my_robot_description/environment/path.dsv
[0.484s] -- Up-to-date: /ros2_autonomous_robot/install/my_robot_description/share/my_robot_description/local_setup.bash
[0.484s] -- Up-to-date: /ros2_autonomous_robot/install/my_robot_description/share/my_robot_description/local_setup.sh
[0.484s] -- Up-to-date: /ros2_autonomous_robot/install/my_robot_description/share/my_robot_description/local_setup.zsh
[0.484s] -- Installing: /ros2_autonomous_robot/install/my_robot_description/share/my_robot_description/local_setup.dsv
[0.485s] -- Installing: /ros2_autonomous_robot/install/my_robot_description/share/my_robot_description/package.dsv
[0.485s] -- Up-to-date: /ros2_autonomous_robot/install/my_robot_description/share/ament_index/resource_index/packages/my_robot_description
[0.485s] -- Up-to-date: /ros2_autonomous_robot/install/my_robot_description/share/my_robot_description/cmake/my_robot_descriptionConfig.cmake
[0.485s] -- Up-to-date: /ros2_autonomous_robot/install/my_robot_description/share/my_robot_description/cmake/my_robot_descriptionConfig-version.cmake
[0.485s] -- Up-to-date: /ros2_autonomous_robot/install/my_robot_description/share/my_robot_description/package.xml
[0.487s] Invoked command in '/ros2_autonomous_robot/build/my_robot_description' returned '0': CMAKE_PREFIX_PATH=${CMAKE_PREFIX_PATH}:/opt/ros/humble /usr/bin/cmake --install /ros2_autonomous_robot/build/my_robot_description
