[10.137s] DEBUG:colcon:Command line arguments: ['/usr/bin/colcon', 'list', '-p', '--base-paths', '/ros2_autonomous_robot']
[10.137s] DEBUG:colcon:Parsed command line arguments: Namespace(log_base=None, log_level=None, verb_name='list', build_base='build', ignore_user_meta=False, metas=['./colcon.meta'], base_paths=['/ros2_autonomous_robot'], packages_ignore=None, packages_ignore_regex=None, paths=None, packages_up_to=None, packages_up_to_regex=None, packages_above=None, packages_above_and_dependencies=None, packages_above_depth=None, packages_select_by_dep=None, packages_skip_by_dep=None, packages_skip_up_to=None, packages_select_build_failed=False, packages_skip_build_finished=False, packages_select_test_failures=False, packages_skip_test_passed=False, packages_select=None, packages_skip=None, packages_select_regex=None, packages_skip_regex=None, packages_start=None, packages_end=None, topological_order=False, names_only=False, paths_only=True, topological_graph=False, topological_graph_dot=False, topological_graph_density=False, topological_graph_legend=False, topological_graph_dot_cluster=False, topological_graph_dot_include_skipped=False, mixin_files=None, mixin=None, verb_parser=<colcon_mixin.mixin.mixin_argument.MixinArgumentDecorator object at 0x7f5b439151b0>, verb_extension=<colcon_package_information.verb.list.ListVerb object at 0x7f5b439140d0>, main=<bound method ListVerb.main of <colcon_package_information.verb.list.ListVerb object at 0x7f5b439140d0>>, mixin_verb=('list',))
[10.336s] Level 1:colcon.colcon_core.package_discovery:discover_packages(colcon_meta) check parameters
[10.336s] Level 1:colcon.colcon_core.package_discovery:discover_packages(recursive) check parameters
[10.336s] Level 1:colcon.colcon_core.package_discovery:discover_packages(ignore) check parameters
[10.336s] Level 1:colcon.colcon_core.package_discovery:discover_packages(path) check parameters
[10.337s] Level 1:colcon.colcon_core.package_discovery:discover_packages(recursive) discover
[10.337s] INFO:colcon.colcon_core.package_discovery:Crawling recursively for packages in '/ros2_autonomous_robot'
[10.337s] Level 1:colcon.colcon_core.package_identification:_identify(/ros2_autonomous_robot) by extensions ['ignore', 'ignore_ament_install']
[10.337s] Level 1:colcon.colcon_core.package_identification:_identify(/ros2_autonomous_robot) by extension 'ignore'
[10.338s] Level 1:colcon.colcon_core.package_identification:_identify(/ros2_autonomous_robot) by extension 'ignore_ament_install'
[10.338s] Level 1:colcon.colcon_core.package_identification:_identify(/ros2_autonomous_robot) by extensions ['colcon_pkg']
[10.338s] Level 1:colcon.colcon_core.package_identification:_identify(/ros2_autonomous_robot) by extension 'colcon_pkg'
[10.338s] Level 1:colcon.colcon_core.package_identification:_identify(/ros2_autonomous_robot) by extensions ['colcon_meta']
[10.338s] Level 1:colcon.colcon_core.package_identification:_identify(/ros2_autonomous_robot) by extension 'colcon_meta'
[10.338s] Level 1:colcon.colcon_core.package_identification:_identify(/ros2_autonomous_robot) by extensions ['ros']
[10.338s] Level 1:colcon.colcon_core.package_identification:_identify(/ros2_autonomous_robot) by extension 'ros'
[10.387s] Level 1:colcon.colcon_core.package_identification:_identify(/ros2_autonomous_robot) by extensions ['cmake', 'python']
[10.387s] Level 1:colcon.colcon_core.package_identification:_identify(/ros2_autonomous_robot) by extension 'cmake'
[10.387s] Level 1:colcon.colcon_core.package_identification:_identify(/ros2_autonomous_robot) by extension 'python'
[10.387s] Level 1:colcon.colcon_core.package_identification:_identify(/ros2_autonomous_robot) by extensions ['python_setup_py']
[10.387s] Level 1:colcon.colcon_core.package_identification:_identify(/ros2_autonomous_robot) by extension 'python_setup_py'
[10.387s] Level 1:colcon.colcon_core.package_identification:_identify(/ros2_autonomous_robot/build) by extensions ['ignore', 'ignore_ament_install']
[10.387s] Level 1:colcon.colcon_core.package_identification:_identify(/ros2_autonomous_robot/build) by extension 'ignore'
[10.387s] Level 1:colcon.colcon_core.package_identification:_identify(/ros2_autonomous_robot/build) ignored
[10.388s] Level 1:colcon.colcon_core.package_identification:_identify(/ros2_autonomous_robot/install) by extensions ['ignore', 'ignore_ament_install']
[10.388s] Level 1:colcon.colcon_core.package_identification:_identify(/ros2_autonomous_robot/install) by extension 'ignore'
[10.388s] Level 1:colcon.colcon_core.package_identification:_identify(/ros2_autonomous_robot/install) ignored
[10.396s] Level 1:colcon.colcon_core.package_identification:_identify(/ros2_autonomous_robot/log) by extensions ['ignore', 'ignore_ament_install']
[10.397s] Level 1:colcon.colcon_core.package_identification:_identify(/ros2_autonomous_robot/log) by extension 'ignore'
[10.397s] Level 1:colcon.colcon_core.package_identification:_identify(/ros2_autonomous_robot/log) ignored
[10.397s] Level 1:colcon.colcon_core.package_identification:_identify(/ros2_autonomous_robot/src) by extensions ['ignore', 'ignore_ament_install']
[10.397s] Level 1:colcon.colcon_core.package_identification:_identify(/ros2_autonomous_robot/src) by extension 'ignore'
[10.397s] Level 1:colcon.colcon_core.package_identification:_identify(/ros2_autonomous_robot/src) by extension 'ignore_ament_install'
[10.397s] Level 1:colcon.colcon_core.package_identification:_identify(/ros2_autonomous_robot/src) by extensions ['colcon_pkg']
[10.397s] Level 1:colcon.colcon_core.package_identification:_identify(/ros2_autonomous_robot/src) by extension 'colcon_pkg'
[10.397s] Level 1:colcon.colcon_core.package_identification:_identify(/ros2_autonomous_robot/src) by extensions ['colcon_meta']
[10.398s] Level 1:colcon.colcon_core.package_identification:_identify(/ros2_autonomous_robot/src) by extension 'colcon_meta'
[10.398s] Level 1:colcon.colcon_core.package_identification:_identify(/ros2_autonomous_robot/src) by extensions ['ros']
[10.398s] Level 1:colcon.colcon_core.package_identification:_identify(/ros2_autonomous_robot/src) by extension 'ros'
[10.398s] Level 1:colcon.colcon_core.package_identification:_identify(/ros2_autonomous_robot/src) by extensions ['cmake', 'python']
[10.398s] Level 1:colcon.colcon_core.package_identification:_identify(/ros2_autonomous_robot/src) by extension 'cmake'
[10.398s] Level 1:colcon.colcon_core.package_identification:_identify(/ros2_autonomous_robot/src) by extension 'python'
[10.398s] Level 1:colcon.colcon_core.package_identification:_identify(/ros2_autonomous_robot/src) by extensions ['python_setup_py']
[10.398s] Level 1:colcon.colcon_core.package_identification:_identify(/ros2_autonomous_robot/src) by extension 'python_setup_py'
[10.398s] Level 1:colcon.colcon_core.package_identification:_identify(/ros2_autonomous_robot/src/my_robot_description) by extensions ['ignore', 'ignore_ament_install']
[10.399s] Level 1:colcon.colcon_core.package_identification:_identify(/ros2_autonomous_robot/src/my_robot_description) by extension 'ignore'
[10.399s] Level 1:colcon.colcon_core.package_identification:_identify(/ros2_autonomous_robot/src/my_robot_description) by extension 'ignore_ament_install'
[10.399s] Level 1:colcon.colcon_core.package_identification:_identify(/ros2_autonomous_robot/src/my_robot_description) by extensions ['colcon_pkg']
[10.399s] Level 1:colcon.colcon_core.package_identification:_identify(/ros2_autonomous_robot/src/my_robot_description) by extension 'colcon_pkg'
[10.399s] Level 1:colcon.colcon_core.package_identification:_identify(/ros2_autonomous_robot/src/my_robot_description) by extensions ['colcon_meta']
[10.399s] Level 1:colcon.colcon_core.package_identification:_identify(/ros2_autonomous_robot/src/my_robot_description) by extension 'colcon_meta'
[10.399s] Level 1:colcon.colcon_core.package_identification:_identify(/ros2_autonomous_robot/src/my_robot_description) by extensions ['ros']
[10.399s] Level 1:colcon.colcon_core.package_identification:_identify(/ros2_autonomous_robot/src/my_robot_description) by extension 'ros'
[10.408s] DEBUG:colcon.colcon_core.package_identification:Package '/ros2_autonomous_robot/src/my_robot_description' with type 'ros.ament_cmake' and name 'my_robot_description'
[10.412s] Level 1:colcon.colcon_core.package_discovery:discover_packages(recursive) using defaults
