[1.517s] DEBUG:colcon:Command line arguments: ['/usr/bin/colcon', 'build']
[1.517s] DEBUG:colcon:Parsed command line arguments: Namespace(log_base=None, log_level=None, verb_name='build', build_base='build', install_base='install', merge_install=False, symlink_install=False, test_result_base=None, continue_on_error=False, executor='parallel', parallel_workers=4, event_handlers=None, ignore_user_meta=False, metas=['./colcon.meta'], base_paths=['.'], packages_ignore=None, packages_ignore_regex=None, paths=None, packages_up_to=None, packages_up_to_regex=None, packages_above=None, packages_above_and_dependencies=None, packages_above_depth=None, packages_select_by_dep=None, packages_skip_by_dep=None, packages_skip_up_to=None, packages_select_build_failed=False, packages_skip_build_finished=False, packages_select_test_failures=False, packages_skip_test_passed=False, packages_select=None, packages_skip=None, packages_select_regex=None, packages_skip_regex=None, packages_start=None, packages_end=None, cmake_args=None, cmake_target=None, cmake_target_skip_unavailable=False, cmake_clean_cache=False, cmake_clean_first=False, cmake_force_configure=False, ament_cmake_args=None, catkin_cmake_args=None, catkin_skip_building_tests=False, mixin_files=None, mixin=None, verb_parser=<colcon_mixin.mixin.mixin_argument.MixinArgumentDecorator object at 0x7f6b5fe78700>, verb_extension=<colcon_core.verb.build.BuildVerb object at 0x7f6b600bcfd0>, main=<bound method BuildVerb.main of <colcon_core.verb.build.BuildVerb object at 0x7f6b600bcfd0>>, mixin_verb=('build',))
[1.574s] Level 1:colcon.colcon_core.package_discovery:discover_packages(colcon_meta) check parameters
[1.574s] Level 1:colcon.colcon_core.package_discovery:discover_packages(recursive) check parameters
[1.574s] Level 1:colcon.colcon_core.package_discovery:discover_packages(ignore) check parameters
[1.574s] Level 1:colcon.colcon_core.package_discovery:discover_packages(path) check parameters
[1.574s] Level 1:colcon.colcon_core.package_discovery:discover_packages(colcon_meta) discover
[1.574s] Level 1:colcon.colcon_core.package_discovery:discover_packages(recursive) discover
[1.574s] INFO:colcon.colcon_core.package_discovery:Crawling recursively for packages in '/ros2_autonomous_robot'
[1.574s] Level 1:colcon.colcon_core.package_identification:_identify(.) by extensions ['ignore', 'ignore_ament_install']
[1.575s] Level 1:colcon.colcon_core.package_identification:_identify(.) by extension 'ignore'
[1.575s] Level 1:colcon.colcon_core.package_identification:_identify(.) by extension 'ignore_ament_install'
[1.575s] Level 1:colcon.colcon_core.package_identification:_identify(.) by extensions ['colcon_pkg']
[1.575s] Level 1:colcon.colcon_core.package_identification:_identify(.) by extension 'colcon_pkg'
[1.575s] Level 1:colcon.colcon_core.package_identification:_identify(.) by extensions ['colcon_meta']
[1.575s] Level 1:colcon.colcon_core.package_identification:_identify(.) by extension 'colcon_meta'
[1.575s] Level 1:colcon.colcon_core.package_identification:_identify(.) by extensions ['ros']
[1.575s] Level 1:colcon.colcon_core.package_identification:_identify(.) by extension 'ros'
[1.592s] Level 1:colcon.colcon_core.package_identification:_identify(.) by extensions ['cmake', 'python']
[1.592s] Level 1:colcon.colcon_core.package_identification:_identify(.) by extension 'cmake'
[1.592s] Level 1:colcon.colcon_core.package_identification:_identify(.) by extension 'python'
[1.592s] Level 1:colcon.colcon_core.package_identification:_identify(.) by extensions ['python_setup_py']
[1.593s] Level 1:colcon.colcon_core.package_identification:_identify(.) by extension 'python_setup_py'
[1.593s] Level 1:colcon.colcon_core.package_identification:_identify(build) by extensions ['ignore', 'ignore_ament_install']
[1.593s] Level 1:colcon.colcon_core.package_identification:_identify(build) by extension 'ignore'
[1.593s] Level 1:colcon.colcon_core.package_identification:_identify(build) ignored
[1.593s] Level 1:colcon.colcon_core.package_identification:_identify(install) by extensions ['ignore', 'ignore_ament_install']
[1.593s] Level 1:colcon.colcon_core.package_identification:_identify(install) by extension 'ignore'
[1.594s] Level 1:colcon.colcon_core.package_identification:_identify(install) ignored
[1.594s] Level 1:colcon.colcon_core.package_identification:_identify(log) by extensions ['ignore', 'ignore_ament_install']
[1.594s] Level 1:colcon.colcon_core.package_identification:_identify(log) by extension 'ignore'
[1.594s] Level 1:colcon.colcon_core.package_identification:_identify(log) ignored
[1.594s] Level 1:colcon.colcon_core.package_identification:_identify(src) by extensions ['ignore', 'ignore_ament_install']
[1.594s] Level 1:colcon.colcon_core.package_identification:_identify(src) by extension 'ignore'
[1.594s] Level 1:colcon.colcon_core.package_identification:_identify(src) by extension 'ignore_ament_install'
[1.595s] Level 1:colcon.colcon_core.package_identification:_identify(src) by extensions ['colcon_pkg']
[1.595s] Level 1:colcon.colcon_core.package_identification:_identify(src) by extension 'colcon_pkg'
[1.595s] Level 1:colcon.colcon_core.package_identification:_identify(src) by extensions ['colcon_meta']
[1.595s] Level 1:colcon.colcon_core.package_identification:_identify(src) by extension 'colcon_meta'
[1.595s] Level 1:colcon.colcon_core.package_identification:_identify(src) by extensions ['ros']
[1.595s] Level 1:colcon.colcon_core.package_identification:_identify(src) by extension 'ros'
[1.595s] Level 1:colcon.colcon_core.package_identification:_identify(src) by extensions ['cmake', 'python']
[1.595s] Level 1:colcon.colcon_core.package_identification:_identify(src) by extension 'cmake'
[1.595s] Level 1:colcon.colcon_core.package_identification:_identify(src) by extension 'python'
[1.595s] Level 1:colcon.colcon_core.package_identification:_identify(src) by extensions ['python_setup_py']
[1.595s] Level 1:colcon.colcon_core.package_identification:_identify(src) by extension 'python_setup_py'
[1.596s] Level 1:colcon.colcon_core.package_identification:_identify(src/my_robot_bringup) by extensions ['ignore', 'ignore_ament_install']
[1.596s] Level 1:colcon.colcon_core.package_identification:_identify(src/my_robot_bringup) by extension 'ignore'
[1.596s] Level 1:colcon.colcon_core.package_identification:_identify(src/my_robot_bringup) by extension 'ignore_ament_install'
[1.596s] Level 1:colcon.colcon_core.package_identification:_identify(src/my_robot_bringup) by extensions ['colcon_pkg']
[1.596s] Level 1:colcon.colcon_core.package_identification:_identify(src/my_robot_bringup) by extension 'colcon_pkg'
[1.596s] Level 1:colcon.colcon_core.package_identification:_identify(src/my_robot_bringup) by extensions ['colcon_meta']
[1.596s] Level 1:colcon.colcon_core.package_identification:_identify(src/my_robot_bringup) by extension 'colcon_meta'
[1.597s] Level 1:colcon.colcon_core.package_identification:_identify(src/my_robot_bringup) by extensions ['ros']
[1.597s] Level 1:colcon.colcon_core.package_identification:_identify(src/my_robot_bringup) by extension 'ros'
[1.602s] DEBUG:colcon.colcon_core.package_identification:Package 'src/my_robot_bringup' with type 'ros.ament_cmake' and name 'my_robot_bringup'
[1.602s] Level 1:colcon.colcon_core.package_identification:_identify(src/my_robot_description) by extensions ['ignore', 'ignore_ament_install']
[1.602s] Level 1:colcon.colcon_core.package_identification:_identify(src/my_robot_description) by extension 'ignore'
[1.602s] Level 1:colcon.colcon_core.package_identification:_identify(src/my_robot_description) by extension 'ignore_ament_install'
[1.603s] Level 1:colcon.colcon_core.package_identification:_identify(src/my_robot_description) by extensions ['colcon_pkg']
[1.603s] Level 1:colcon.colcon_core.package_identification:_identify(src/my_robot_description) by extension 'colcon_pkg'
[1.603s] Level 1:colcon.colcon_core.package_identification:_identify(src/my_robot_description) by extensions ['colcon_meta']
[1.603s] Level 1:colcon.colcon_core.package_identification:_identify(src/my_robot_description) by extension 'colcon_meta'
[1.603s] Level 1:colcon.colcon_core.package_identification:_identify(src/my_robot_description) by extensions ['ros']
[1.603s] Level 1:colcon.colcon_core.package_identification:_identify(src/my_robot_description) by extension 'ros'
[1.604s] DEBUG:colcon.colcon_core.package_identification:Package 'src/my_robot_description' with type 'ros.ament_cmake' and name 'my_robot_description'
[1.604s] Level 1:colcon.colcon_core.package_discovery:discover_packages(recursive) using defaults
[1.604s] Level 1:colcon.colcon_core.package_discovery:discover_packages(ignore) discover
[1.604s] Level 1:colcon.colcon_core.package_discovery:discover_packages(ignore) using defaults
[1.604s] Level 1:colcon.colcon_core.package_discovery:discover_packages(path) discover
[1.604s] Level 1:colcon.colcon_core.package_discovery:discover_packages(path) using defaults
[1.709s] Level 5:colcon.colcon_core.verb:set package 'my_robot_description' build argument 'cmake_args' from command line to 'None'
[1.709s] Level 5:colcon.colcon_core.verb:set package 'my_robot_description' build argument 'cmake_target' from command line to 'None'
[1.709s] Level 5:colcon.colcon_core.verb:set package 'my_robot_description' build argument 'cmake_target_skip_unavailable' from command line to 'False'
[1.709s] Level 5:colcon.colcon_core.verb:set package 'my_robot_description' build argument 'cmake_clean_cache' from command line to 'False'
[1.709s] Level 5:colcon.colcon_core.verb:set package 'my_robot_description' build argument 'cmake_clean_first' from command line to 'False'
[1.709s] Level 5:colcon.colcon_core.verb:set package 'my_robot_description' build argument 'cmake_force_configure' from command line to 'False'
[1.709s] Level 5:colcon.colcon_core.verb:set package 'my_robot_description' build argument 'ament_cmake_args' from command line to 'None'
[1.710s] Level 5:colcon.colcon_core.verb:set package 'my_robot_description' build argument 'catkin_cmake_args' from command line to 'None'
[1.710s] Level 5:colcon.colcon_core.verb:set package 'my_robot_description' build argument 'catkin_skip_building_tests' from command line to 'False'
[1.710s] DEBUG:colcon.colcon_core.verb:Building package 'my_robot_description' with the following arguments: {'ament_cmake_args': None, 'build_base': '/ros2_autonomous_robot/build/my_robot_description', 'catkin_cmake_args': None, 'catkin_skip_building_tests': False, 'cmake_args': None, 'cmake_clean_cache': False, 'cmake_clean_first': False, 'cmake_force_configure': False, 'cmake_target': None, 'cmake_target_skip_unavailable': False, 'install_base': '/ros2_autonomous_robot/install/my_robot_description', 'merge_install': False, 'path': '/ros2_autonomous_robot/src/my_robot_description', 'symlink_install': False, 'test_result_base': None}
[1.727s] Level 5:colcon.colcon_core.verb:set package 'my_robot_bringup' build argument 'cmake_args' from command line to 'None'
[1.727s] Level 5:colcon.colcon_core.verb:set package 'my_robot_bringup' build argument 'cmake_target' from command line to 'None'
[1.727s] Level 5:colcon.colcon_core.verb:set package 'my_robot_bringup' build argument 'cmake_target_skip_unavailable' from command line to 'False'
[1.727s] Level 5:colcon.colcon_core.verb:set package 'my_robot_bringup' build argument 'cmake_clean_cache' from command line to 'False'
[1.727s] Level 5:colcon.colcon_core.verb:set package 'my_robot_bringup' build argument 'cmake_clean_first' from command line to 'False'
[1.727s] Level 5:colcon.colcon_core.verb:set package 'my_robot_bringup' build argument 'cmake_force_configure' from command line to 'False'
[1.727s] Level 5:colcon.colcon_core.verb:set package 'my_robot_bringup' build argument 'ament_cmake_args' from command line to 'None'
[1.727s] Level 5:colcon.colcon_core.verb:set package 'my_robot_bringup' build argument 'catkin_cmake_args' from command line to 'None'
[1.727s] Level 5:colcon.colcon_core.verb:set package 'my_robot_bringup' build argument 'catkin_skip_building_tests' from command line to 'False'
[1.728s] DEBUG:colcon.colcon_core.verb:Building package 'my_robot_bringup' with the following arguments: {'ament_cmake_args': None, 'build_base': '/ros2_autonomous_robot/build/my_robot_bringup', 'catkin_cmake_args': None, 'catkin_skip_building_tests': False, 'cmake_args': None, 'cmake_clean_cache': False, 'cmake_clean_first': False, 'cmake_force_configure': False, 'cmake_target': None, 'cmake_target_skip_unavailable': False, 'install_base': '/ros2_autonomous_robot/install/my_robot_bringup', 'merge_install': False, 'path': '/ros2_autonomous_robot/src/my_robot_bringup', 'symlink_install': False, 'test_result_base': None}
[1.748s] INFO:colcon.colcon_core.executor:Executing jobs using 'parallel' executor
[1.767s] DEBUG:colcon.colcon_parallel_executor.executor.parallel:run_until_complete
[1.767s] INFO:colcon.colcon_ros.task.ament_cmake.build:Building ROS package in '/ros2_autonomous_robot/src/my_robot_description' with build type 'ament_cmake'
[1.767s] INFO:colcon.colcon_cmake.task.cmake.build:Building CMake package in '/ros2_autonomous_robot/src/my_robot_description'
[1.791s] INFO:colcon.colcon_core.plugin_system:Skipping extension 'colcon_core.shell.bat': Not used on non-Windows systems
[1.791s] INFO:colcon.colcon_core.shell:Skip shell extension 'powershell' for command environment: Not usable outside of PowerShell
[1.791s] DEBUG:colcon.colcon_core.shell:Skip shell extension 'dsv' for command environment
[1.966s] Level 1:colcon.colcon_core.environment:create_environment_scripts_only(my_robot_description)
[1.986s] Level 1:colcon.colcon_core.environment:checking '/ros2_autonomous_robot/install/my_robot_description' for CMake module files
[1.987s] Level 1:colcon.colcon_core.environment:checking '/ros2_autonomous_robot/install/my_robot_description' for CMake config files
[1.988s] Level 1:colcon.colcon_core.shell:create_environment_hook('my_robot_description', 'cmake_prefix_path')
[2.009s] INFO:colcon.colcon_core.shell:Creating environment hook '/ros2_autonomous_robot/install/my_robot_description/share/my_robot_description/hook/cmake_prefix_path.ps1'
[2.010s] INFO:colcon.colcon_core.shell:Creating environment descriptor '/ros2_autonomous_robot/install/my_robot_description/share/my_robot_description/hook/cmake_prefix_path.dsv'
[2.010s] INFO:colcon.colcon_core.shell:Creating environment hook '/ros2_autonomous_robot/install/my_robot_description/share/my_robot_description/hook/cmake_prefix_path.sh'
[2.011s] Level 1:colcon.colcon_core.environment:checking '/ros2_autonomous_robot/install/my_robot_description/bin'
[2.012s] Level 1:colcon.colcon_core.environment:checking '/ros2_autonomous_robot/install/my_robot_description/lib/pkgconfig/my_robot_description.pc'
[2.014s] Level 1:colcon.colcon_core.environment:checking '/ros2_autonomous_robot/install/my_robot_description/lib/python3.10/site-packages'
[2.014s] Level 1:colcon.colcon_core.environment:checking '/ros2_autonomous_robot/install/my_robot_description/bin'
[2.015s] DEBUG:colcon.colcon_core.event_handler.log_command:Invoking command in '/ros2_autonomous_robot/build/my_robot_description': CMAKE_PREFIX_PATH=${CMAKE_PREFIX_PATH}:/opt/ros/humble /usr/bin/cmake --build /ros2_autonomous_robot/build/my_robot_description -- -j4 -l4
[2.016s] DEBUG:colcon.colcon_core.event_handler.log_command:Invoked command in '/ros2_autonomous_robot/build/my_robot_description' returned '0': CMAKE_PREFIX_PATH=${CMAKE_PREFIX_PATH}:/opt/ros/humble /usr/bin/cmake --build /ros2_autonomous_robot/build/my_robot_description -- -j4 -l4
[2.016s] DEBUG:colcon.colcon_core.event_handler.log_command:Invoking command in '/ros2_autonomous_robot/build/my_robot_description': CMAKE_PREFIX_PATH=${CMAKE_PREFIX_PATH}:/opt/ros/humble /usr/bin/cmake --install /ros2_autonomous_robot/build/my_robot_description
[2.021s] DEBUG:colcon.colcon_core.event_handler.log_command:Invoked command in '/ros2_autonomous_robot/build/my_robot_description' returned '0': CMAKE_PREFIX_PATH=${CMAKE_PREFIX_PATH}:/opt/ros/humble /usr/bin/cmake --install /ros2_autonomous_robot/build/my_robot_description
[2.039s] INFO:colcon.colcon_core.shell:Creating package script '/ros2_autonomous_robot/install/my_robot_description/share/my_robot_description/package.ps1'
[2.039s] INFO:colcon.colcon_core.shell:Creating package descriptor '/ros2_autonomous_robot/install/my_robot_description/share/my_robot_description/package.dsv'
[2.040s] INFO:colcon.colcon_core.shell:Creating package script '/ros2_autonomous_robot/install/my_robot_description/share/my_robot_description/package.sh'
[2.041s] INFO:colcon.colcon_core.shell:Creating package script '/ros2_autonomous_robot/install/my_robot_description/share/my_robot_description/package.bash'
[2.042s] INFO:colcon.colcon_core.shell:Creating package script '/ros2_autonomous_robot/install/my_robot_description/share/my_robot_description/package.zsh'
[2.044s] Level 1:colcon.colcon_core.environment:create_file_with_runtime_dependencies(/ros2_autonomous_robot/install/my_robot_description/share/colcon-core/packages/my_robot_description)
[2.088s] Level 1:colcon.colcon_core.environment:create_environment_scripts_only(my_robot_description)
[2.115s] Level 1:colcon.colcon_core.environment:checking '/ros2_autonomous_robot/install/my_robot_description' for CMake module files
[2.116s] Level 1:colcon.colcon_core.environment:checking '/ros2_autonomous_robot/install/my_robot_description' for CMake config files
[2.117s] Level 1:colcon.colcon_core.shell:create_environment_hook('my_robot_description', 'cmake_prefix_path')
[2.150s] INFO:colcon.colcon_core.shell:Creating environment hook '/ros2_autonomous_robot/install/my_robot_description/share/my_robot_description/hook/cmake_prefix_path.ps1'
[2.151s] INFO:colcon.colcon_core.shell:Creating environment descriptor '/ros2_autonomous_robot/install/my_robot_description/share/my_robot_description/hook/cmake_prefix_path.dsv'
[2.152s] INFO:colcon.colcon_core.shell:Creating environment hook '/ros2_autonomous_robot/install/my_robot_description/share/my_robot_description/hook/cmake_prefix_path.sh'
[2.153s] Level 1:colcon.colcon_core.environment:checking '/ros2_autonomous_robot/install/my_robot_description/bin'
[2.153s] Level 1:colcon.colcon_core.environment:checking '/ros2_autonomous_robot/install/my_robot_description/lib/pkgconfig/my_robot_description.pc'
[2.154s] Level 1:colcon.colcon_core.environment:checking '/ros2_autonomous_robot/install/my_robot_description/lib/python3.10/site-packages'
[2.154s] Level 1:colcon.colcon_core.environment:checking '/ros2_autonomous_robot/install/my_robot_description/bin'
[2.182s] INFO:colcon.colcon_core.shell:Creating package script '/ros2_autonomous_robot/install/my_robot_description/share/my_robot_description/package.ps1'
[2.183s] INFO:colcon.colcon_core.shell:Creating package descriptor '/ros2_autonomous_robot/install/my_robot_description/share/my_robot_description/package.dsv'
[2.184s] INFO:colcon.colcon_core.shell:Creating package script '/ros2_autonomous_robot/install/my_robot_description/share/my_robot_description/package.sh'
[2.184s] INFO:colcon.colcon_core.shell:Creating package script '/ros2_autonomous_robot/install/my_robot_description/share/my_robot_description/package.bash'
[2.185s] INFO:colcon.colcon_core.shell:Creating package script '/ros2_autonomous_robot/install/my_robot_description/share/my_robot_description/package.zsh'
[2.186s] Level 1:colcon.colcon_core.environment:create_file_with_runtime_dependencies(/ros2_autonomous_robot/install/my_robot_description/share/colcon-core/packages/my_robot_description)
[2.186s] INFO:colcon.colcon_ros.task.ament_cmake.build:Building ROS package in '/ros2_autonomous_robot/src/my_robot_bringup' with build type 'ament_cmake'
[2.187s] INFO:colcon.colcon_cmake.task.cmake.build:Building CMake package in '/ros2_autonomous_robot/src/my_robot_bringup'
[2.214s] INFO:colcon.colcon_core.shell:Skip shell extension 'powershell' for command environment: Not usable outside of PowerShell
[2.214s] DEBUG:colcon.colcon_core.shell:Skip shell extension 'dsv' for command environment
[2.306s] DEBUG:colcon.colcon_core.event_handler.log_command:Invoking command in '/ros2_autonomous_robot/build/my_robot_bringup': CMAKE_PREFIX_PATH=/ros2_autonomous_robot/install/my_robot_description:/ros2_autonomous_robot/install/my_robot_bringup:/opt/ros/humble /usr/bin/cmake --build /ros2_autonomous_robot/build/my_robot_bringup -- -j4 -l4
[2.356s] DEBUG:colcon.colcon_core.event_handler.log_command:Invoked command in '/ros2_autonomous_robot/build/my_robot_bringup' returned '0': CMAKE_PREFIX_PATH=/ros2_autonomous_robot/install/my_robot_description:/ros2_autonomous_robot/install/my_robot_bringup:/opt/ros/humble /usr/bin/cmake --build /ros2_autonomous_robot/build/my_robot_bringup -- -j4 -l4
[2.383s] DEBUG:colcon.colcon_core.event_handler.log_command:Invoking command in '/ros2_autonomous_robot/build/my_robot_bringup': CMAKE_PREFIX_PATH=/ros2_autonomous_robot/install/my_robot_description:/ros2_autonomous_robot/install/my_robot_bringup:/opt/ros/humble /usr/bin/cmake --install /ros2_autonomous_robot/build/my_robot_bringup
[2.413s] Level 1:colcon.colcon_core.environment:create_environment_scripts_only(my_robot_bringup)
[2.414s] DEBUG:colcon.colcon_core.event_handler.log_command:Invoked command in '/ros2_autonomous_robot/build/my_robot_bringup' returned '0': CMAKE_PREFIX_PATH=/ros2_autonomous_robot/install/my_robot_description:/ros2_autonomous_robot/install/my_robot_bringup:/opt/ros/humble /usr/bin/cmake --install /ros2_autonomous_robot/build/my_robot_bringup
[2.433s] Level 1:colcon.colcon_core.environment:checking '/ros2_autonomous_robot/install/my_robot_bringup' for CMake module files
[2.434s] Level 1:colcon.colcon_core.environment:checking '/ros2_autonomous_robot/install/my_robot_bringup' for CMake config files
[2.434s] Level 1:colcon.colcon_core.shell:create_environment_hook('my_robot_bringup', 'cmake_prefix_path')
[2.453s] INFO:colcon.colcon_core.shell:Creating environment hook '/ros2_autonomous_robot/install/my_robot_bringup/share/my_robot_bringup/hook/cmake_prefix_path.ps1'
[2.454s] INFO:colcon.colcon_core.shell:Creating environment descriptor '/ros2_autonomous_robot/install/my_robot_bringup/share/my_robot_bringup/hook/cmake_prefix_path.dsv'
[2.455s] INFO:colcon.colcon_core.shell:Creating environment hook '/ros2_autonomous_robot/install/my_robot_bringup/share/my_robot_bringup/hook/cmake_prefix_path.sh'
[2.455s] Level 1:colcon.colcon_core.environment:checking '/ros2_autonomous_robot/install/my_robot_bringup/bin'
[2.455s] Level 1:colcon.colcon_core.environment:checking '/ros2_autonomous_robot/install/my_robot_bringup/lib/pkgconfig/my_robot_bringup.pc'
[2.456s] Level 1:colcon.colcon_core.environment:checking '/ros2_autonomous_robot/install/my_robot_bringup/lib/python3.10/site-packages'
[2.456s] Level 1:colcon.colcon_core.environment:checking '/ros2_autonomous_robot/install/my_robot_bringup/bin'
[2.474s] INFO:colcon.colcon_core.shell:Creating package script '/ros2_autonomous_robot/install/my_robot_bringup/share/my_robot_bringup/package.ps1'
[2.475s] INFO:colcon.colcon_core.shell:Creating package descriptor '/ros2_autonomous_robot/install/my_robot_bringup/share/my_robot_bringup/package.dsv'
[2.475s] INFO:colcon.colcon_core.shell:Creating package script '/ros2_autonomous_robot/install/my_robot_bringup/share/my_robot_bringup/package.sh'
[2.476s] INFO:colcon.colcon_core.shell:Creating package script '/ros2_autonomous_robot/install/my_robot_bringup/share/my_robot_bringup/package.bash'
[2.476s] INFO:colcon.colcon_core.shell:Creating package script '/ros2_autonomous_robot/install/my_robot_bringup/share/my_robot_bringup/package.zsh'
[2.476s] Level 1:colcon.colcon_core.environment:create_file_with_runtime_dependencies(/ros2_autonomous_robot/install/my_robot_bringup/share/colcon-core/packages/my_robot_bringup)
[2.520s] Level 1:colcon.colcon_core.environment:create_environment_scripts_only(my_robot_bringup)
[2.537s] Level 1:colcon.colcon_core.environment:checking '/ros2_autonomous_robot/install/my_robot_bringup' for CMake module files
[2.538s] Level 1:colcon.colcon_core.environment:checking '/ros2_autonomous_robot/install/my_robot_bringup' for CMake config files
[2.538s] Level 1:colcon.colcon_core.shell:create_environment_hook('my_robot_bringup', 'cmake_prefix_path')
[2.559s] INFO:colcon.colcon_core.shell:Creating environment hook '/ros2_autonomous_robot/install/my_robot_bringup/share/my_robot_bringup/hook/cmake_prefix_path.ps1'
[2.559s] INFO:colcon.colcon_core.shell:Creating environment descriptor '/ros2_autonomous_robot/install/my_robot_bringup/share/my_robot_bringup/hook/cmake_prefix_path.dsv'
[2.560s] INFO:colcon.colcon_core.shell:Creating environment hook '/ros2_autonomous_robot/install/my_robot_bringup/share/my_robot_bringup/hook/cmake_prefix_path.sh'
[2.560s] Level 1:colcon.colcon_core.environment:checking '/ros2_autonomous_robot/install/my_robot_bringup/bin'
[2.561s] Level 1:colcon.colcon_core.environment:checking '/ros2_autonomous_robot/install/my_robot_bringup/lib/pkgconfig/my_robot_bringup.pc'
[2.561s] Level 1:colcon.colcon_core.environment:checking '/ros2_autonomous_robot/install/my_robot_bringup/lib/python3.10/site-packages'
[2.561s] Level 1:colcon.colcon_core.environment:checking '/ros2_autonomous_robot/install/my_robot_bringup/bin'
[2.579s] INFO:colcon.colcon_core.shell:Creating package script '/ros2_autonomous_robot/install/my_robot_bringup/share/my_robot_bringup/package.ps1'
[2.581s] INFO:colcon.colcon_core.shell:Creating package descriptor '/ros2_autonomous_robot/install/my_robot_bringup/share/my_robot_bringup/package.dsv'
[2.582s] INFO:colcon.colcon_core.shell:Creating package script '/ros2_autonomous_robot/install/my_robot_bringup/share/my_robot_bringup/package.sh'
[2.583s] INFO:colcon.colcon_core.shell:Creating package script '/ros2_autonomous_robot/install/my_robot_bringup/share/my_robot_bringup/package.bash'
[2.583s] INFO:colcon.colcon_core.shell:Creating package script '/ros2_autonomous_robot/install/my_robot_bringup/share/my_robot_bringup/package.zsh'
[2.584s] Level 1:colcon.colcon_core.environment:create_file_with_runtime_dependencies(/ros2_autonomous_robot/install/my_robot_bringup/share/colcon-core/packages/my_robot_bringup)
[2.584s] DEBUG:colcon.colcon_parallel_executor.executor.parallel:closing loop
[2.585s] DEBUG:colcon.colcon_parallel_executor.executor.parallel:loop closed
[2.585s] DEBUG:colcon.colcon_parallel_executor.executor.parallel:run_until_complete finished with '0'
[2.585s] DEBUG:colcon.colcon_core.event_reactor:joining thread
[2.616s] INFO:colcon.colcon_core.plugin_system:Skipping extension 'colcon_notification.desktop_notification.notify_send': Could not find 'notify-send'
[2.616s] INFO:colcon.colcon_core.plugin_system:Skipping extension 'colcon_notification.desktop_notification.terminal_notifier': Not used on non-Darwin systems
[2.617s] INFO:colcon.colcon_core.plugin_system:Skipping extension 'colcon_notification.desktop_notification.win32': Not used on non-Windows systems
[2.617s] INFO:colcon.colcon_notification.desktop_notification:Sending desktop notification using 'notify2'
[2.621s] DEBUG:colcon.colcon_notification.desktop_notification.notify2:Failed to initialize notify2: org.freedesktop.DBus.Error.Spawn.ExecFailed: /usr/bin/dbus-launch terminated abnormally without any error message
[2.621s] DEBUG:colcon.colcon_core.event_reactor:joined thread
[2.640s] INFO:colcon.colcon_core.shell:Creating prefix script '/ros2_autonomous_robot/install/local_setup.ps1'
[2.642s] INFO:colcon.colcon_core.shell:Creating prefix util module '/ros2_autonomous_robot/install/_local_setup_util_ps1.py'
[2.643s] INFO:colcon.colcon_core.shell:Creating prefix chain script '/ros2_autonomous_robot/install/setup.ps1'
[2.662s] INFO:colcon.colcon_core.shell:Creating prefix script '/ros2_autonomous_robot/install/local_setup.sh'
[2.662s] INFO:colcon.colcon_core.shell:Creating prefix util module '/ros2_autonomous_robot/install/_local_setup_util_sh.py'
[2.663s] INFO:colcon.colcon_core.shell:Creating prefix chain script '/ros2_autonomous_robot/install/setup.sh'
[2.681s] INFO:colcon.colcon_core.shell:Creating prefix script '/ros2_autonomous_robot/install/local_setup.bash'
[2.682s] INFO:colcon.colcon_core.shell:Creating prefix chain script '/ros2_autonomous_robot/install/setup.bash'
[2.700s] INFO:colcon.colcon_core.shell:Creating prefix script '/ros2_autonomous_robot/install/local_setup.zsh'
[2.701s] INFO:colcon.colcon_core.shell:Creating prefix chain script '/ros2_autonomous_robot/install/setup.zsh'
