[0.091s] Invoking command in '/ros2_autonomous_robot/build/my_robot_bringup': CMAKE_PREFIX_PATH=/ros2_autonomous_robot/install/my_robot_description:/ros2_autonomous_robot/install/my_robot_bringup:/opt/ros/humble /usr/bin/cmake /ros2_autonomous_robot/src/my_robot_bringup -DCMAKE_INSTALL_PREFIX=/ros2_autonomous_robot/install/my_robot_bringup
[0.105s] -- Found ament_cmake: 1.3.5 (/opt/ros/humble/share/ament_cmake/cmake)
[0.299s] -- Override CMake install command with custom implementation using symlinks instead of copying resources
[0.392s] -- Configuring done
[0.395s] -- Generating done
[0.396s] -- Build files have been written to: /ros2_autonomous_robot/build/my_robot_bringup
[0.399s] Invoked command in '/ros2_autonomous_robot/build/my_robot_bringup' returned '0': CMAKE_PREFIX_PATH=/ros2_autonomous_robot/install/my_robot_description:/ros2_autonomous_robot/install/my_robot_bringup:/opt/ros/humble /usr/bin/cmake /ros2_autonomous_robot/src/my_robot_bringup -DCMAKE_INSTALL_PREFIX=/ros2_autonomous_robot/install/my_robot_bringup
[0.401s] Invoking command in '/ros2_autonomous_robot/build/my_robot_bringup': CMAKE_PREFIX_PATH=/ros2_autonomous_robot/install/my_robot_description:/ros2_autonomous_robot/install/my_robot_bringup:/opt/ros/humble /usr/bin/cmake --build /ros2_autonomous_robot/build/my_robot_bringup -- -j4 -l4
[0.450s] Invoked command in '/ros2_autonomous_robot/build/my_robot_bringup' returned '0': CMAKE_PREFIX_PATH=/ros2_autonomous_robot/install/my_robot_description:/ros2_autonomous_robot/install/my_robot_bringup:/opt/ros/humble /usr/bin/cmake --build /ros2_autonomous_robot/build/my_robot_bringup -- -j4 -l4
[0.477s] Invoking command in '/ros2_autonomous_robot/build/my_robot_bringup': CMAKE_PREFIX_PATH=/ros2_autonomous_robot/install/my_robot_description:/ros2_autonomous_robot/install/my_robot_bringup:/opt/ros/humble /usr/bin/cmake --install /ros2_autonomous_robot/build/my_robot_bringup
[0.485s] -- Install configuration: ""
[0.486s] -- Execute custom install script
[0.486s] -- Up-to-date symlink: /ros2_autonomous_robot/install/my_robot_bringup/share/my_robot_bringup/launch/my_robot_gazebo.launch.xml
[0.487s] -- Symlinking: /ros2_autonomous_robot/install/my_robot_bringup/share/my_robot_bringup/rviz/urdf_config.rviz
[0.497s] -- Up-to-date symlink: /ros2_autonomous_robot/install/my_robot_bringup/share/ament_index/resource_index/package_run_dependencies/my_robot_bringup
[0.497s] -- Up-to-date symlink: /ros2_autonomous_robot/install/my_robot_bringup/share/ament_index/resource_index/parent_prefix_path/my_robot_bringup
[0.498s] -- Up-to-date symlink: /ros2_autonomous_robot/install/my_robot_bringup/share/my_robot_bringup/environment/ament_prefix_path.sh
[0.498s] -- Up-to-date symlink: /ros2_autonomous_robot/install/my_robot_bringup/share/my_robot_bringup/environment/ament_prefix_path.dsv
[0.498s] -- Up-to-date symlink: /ros2_autonomous_robot/install/my_robot_bringup/share/my_robot_bringup/environment/path.sh
[0.499s] -- Up-to-date symlink: /ros2_autonomous_robot/install/my_robot_bringup/share/my_robot_bringup/environment/path.dsv
[0.499s] -- Up-to-date symlink: /ros2_autonomous_robot/install/my_robot_bringup/share/my_robot_bringup/local_setup.bash
[0.499s] -- Up-to-date symlink: /ros2_autonomous_robot/install/my_robot_bringup/share/my_robot_bringup/local_setup.sh
[0.499s] -- Up-to-date symlink: /ros2_autonomous_robot/install/my_robot_bringup/share/my_robot_bringup/local_setup.zsh
[0.500s] -- Up-to-date symlink: /ros2_autonomous_robot/install/my_robot_bringup/share/my_robot_bringup/local_setup.dsv
[0.500s] -- Symlinking: /ros2_autonomous_robot/install/my_robot_bringup/share/my_robot_bringup/package.dsv
[0.518s] -- Up-to-date symlink: /ros2_autonomous_robot/install/my_robot_bringup/share/ament_index/resource_index/packages/my_robot_bringup
[0.518s] -- Up-to-date symlink: /ros2_autonomous_robot/install/my_robot_bringup/share/my_robot_bringup/cmake/my_robot_bringupConfig.cmake
[0.519s] -- Up-to-date symlink: /ros2_autonomous_robot/install/my_robot_bringup/share/my_robot_bringup/cmake/my_robot_bringupConfig-version.cmake
[0.519s] -- Up-to-date symlink: /ros2_autonomous_robot/install/my_robot_bringup/share/my_robot_bringup/package.xml
[0.522s] Invoked command in '/ros2_autonomous_robot/build/my_robot_bringup' returned '0': CMAKE_PREFIX_PATH=/ros2_autonomous_robot/install/my_robot_description:/ros2_autonomous_robot/install/my_robot_bringup:/opt/ros/humble /usr/bin/cmake --install /ros2_autonomous_robot/build/my_robot_bringup
