[1.500s] DEBUG:colcon:Command line arguments: ['/usr/bin/colcon', 'build', '--symlink-install']
[1.500s] DEBUG:colcon:Parsed command line arguments: Namespace(log_base=None, log_level=None, verb_name='build', build_base='build', install_base='install', merge_install=False, symlink_install=True, test_result_base=None, continue_on_error=False, executor='parallel', parallel_workers=4, event_handlers=None, ignore_user_meta=False, metas=['./colcon.meta'], base_paths=['.'], packages_ignore=None, packages_ignore_regex=None, paths=None, packages_up_to=None, packages_up_to_regex=None, packages_above=None, packages_above_and_dependencies=None, packages_above_depth=None, packages_select_by_dep=None, packages_skip_by_dep=None, packages_skip_up_to=None, packages_select_build_failed=False, packages_skip_build_finished=False, packages_select_test_failures=False, packages_skip_test_passed=False, packages_select=None, packages_skip=None, packages_select_regex=None, packages_skip_regex=None, packages_start=None, packages_end=None, cmake_args=None, cmake_target=None, cmake_target_skip_unavailable=False, cmake_clean_cache=False, cmake_clean_first=False, cmake_force_configure=False, ament_cmake_args=None, catkin_cmake_args=None, catkin_skip_building_tests=False, mixin_files=None, mixin=None, verb_parser=<colcon_mixin.mixin.mixin_argument.MixinArgumentDecorator object at 0x7fda937485e0>, verb_extension=<colcon_core.verb.build.BuildVerb object at 0x7fda939da770>, main=<bound method BuildVerb.main of <colcon_core.verb.build.BuildVerb object at 0x7fda939da770>>, mixin_verb=('build',))
[1.559s] Level 1:colcon.colcon_core.package_discovery:discover_packages(colcon_meta) check parameters
[1.559s] Level 1:colcon.colcon_core.package_discovery:discover_packages(recursive) check parameters
[1.560s] Level 1:colcon.colcon_core.package_discovery:discover_packages(ignore) check parameters
[1.560s] Level 1:colcon.colcon_core.package_discovery:discover_packages(path) check parameters
[1.560s] Level 1:colcon.colcon_core.package_discovery:discover_packages(colcon_meta) discover
[1.560s] Level 1:colcon.colcon_core.package_discovery:discover_packages(recursive) discover
[1.560s] INFO:colcon.colcon_core.package_discovery:Crawling recursively for packages in '/ros2_autonomous_robot'
[1.560s] Level 1:colcon.colcon_core.package_identification:_identify(.) by extensions ['ignore', 'ignore_ament_install']
[1.560s] Level 1:colcon.colcon_core.package_identification:_identify(.) by extension 'ignore'
[1.560s] Level 1:colcon.colcon_core.package_identification:_identify(.) by extension 'ignore_ament_install'
[1.560s] Level 1:colcon.colcon_core.package_identification:_identify(.) by extensions ['colcon_pkg']
[1.560s] Level 1:colcon.colcon_core.package_identification:_identify(.) by extension 'colcon_pkg'
[1.561s] Level 1:colcon.colcon_core.package_identification:_identify(.) by extensions ['colcon_meta']
[1.561s] Level 1:colcon.colcon_core.package_identification:_identify(.) by extension 'colcon_meta'
[1.561s] Level 1:colcon.colcon_core.package_identification:_identify(.) by extensions ['ros']
[1.561s] Level 1:colcon.colcon_core.package_identification:_identify(.) by extension 'ros'
[1.574s] Level 1:colcon.colcon_core.package_identification:_identify(.) by extensions ['cmake', 'python']
[1.574s] Level 1:colcon.colcon_core.package_identification:_identify(.) by extension 'cmake'
[1.574s] Level 1:colcon.colcon_core.package_identification:_identify(.) by extension 'python'
[1.574s] Level 1:colcon.colcon_core.package_identification:_identify(.) by extensions ['python_setup_py']
[1.574s] Level 1:colcon.colcon_core.package_identification:_identify(.) by extension 'python_setup_py'
[1.575s] Level 1:colcon.colcon_core.package_identification:_identify(build) by extensions ['ignore', 'ignore_ament_install']
[1.575s] Level 1:colcon.colcon_core.package_identification:_identify(build) by extension 'ignore'
[1.575s] Level 1:colcon.colcon_core.package_identification:_identify(build) ignored
[1.575s] Level 1:colcon.colcon_core.package_identification:_identify(install) by extensions ['ignore', 'ignore_ament_install']
[1.575s] Level 1:colcon.colcon_core.package_identification:_identify(install) by extension 'ignore'
[1.576s] Level 1:colcon.colcon_core.package_identification:_identify(install) ignored
[1.576s] Level 1:colcon.colcon_core.package_identification:_identify(log) by extensions ['ignore', 'ignore_ament_install']
[1.576s] Level 1:colcon.colcon_core.package_identification:_identify(log) by extension 'ignore'
[1.576s] Level 1:colcon.colcon_core.package_identification:_identify(log) ignored
[1.576s] Level 1:colcon.colcon_core.package_identification:_identify(src) by extensions ['ignore', 'ignore_ament_install']
[1.576s] Level 1:colcon.colcon_core.package_identification:_identify(src) by extension 'ignore'
[1.576s] Level 1:colcon.colcon_core.package_identification:_identify(src) by extension 'ignore_ament_install'
[1.577s] Level 1:colcon.colcon_core.package_identification:_identify(src) by extensions ['colcon_pkg']
[1.577s] Level 1:colcon.colcon_core.package_identification:_identify(src) by extension 'colcon_pkg'
[1.577s] Level 1:colcon.colcon_core.package_identification:_identify(src) by extensions ['colcon_meta']
[1.577s] Level 1:colcon.colcon_core.package_identification:_identify(src) by extension 'colcon_meta'
[1.577s] Level 1:colcon.colcon_core.package_identification:_identify(src) by extensions ['ros']
[1.577s] Level 1:colcon.colcon_core.package_identification:_identify(src) by extension 'ros'
[1.577s] Level 1:colcon.colcon_core.package_identification:_identify(src) by extensions ['cmake', 'python']
[1.577s] Level 1:colcon.colcon_core.package_identification:_identify(src) by extension 'cmake'
[1.577s] Level 1:colcon.colcon_core.package_identification:_identify(src) by extension 'python'
[1.577s] Level 1:colcon.colcon_core.package_identification:_identify(src) by extensions ['python_setup_py']
[1.577s] Level 1:colcon.colcon_core.package_identification:_identify(src) by extension 'python_setup_py'
[1.578s] Level 1:colcon.colcon_core.package_identification:_identify(src/my_robot_bringup) by extensions ['ignore', 'ignore_ament_install']
[1.578s] Level 1:colcon.colcon_core.package_identification:_identify(src/my_robot_bringup) by extension 'ignore'
[1.578s] Level 1:colcon.colcon_core.package_identification:_identify(src/my_robot_bringup) by extension 'ignore_ament_install'
[1.578s] Level 1:colcon.colcon_core.package_identification:_identify(src/my_robot_bringup) by extensions ['colcon_pkg']
[1.578s] Level 1:colcon.colcon_core.package_identification:_identify(src/my_robot_bringup) by extension 'colcon_pkg'
[1.578s] Level 1:colcon.colcon_core.package_identification:_identify(src/my_robot_bringup) by extensions ['colcon_meta']
[1.578s] Level 1:colcon.colcon_core.package_identification:_identify(src/my_robot_bringup) by extension 'colcon_meta'
[1.578s] Level 1:colcon.colcon_core.package_identification:_identify(src/my_robot_bringup) by extensions ['ros']
[1.578s] Level 1:colcon.colcon_core.package_identification:_identify(src/my_robot_bringup) by extension 'ros'
[1.582s] DEBUG:colcon.colcon_core.package_identification:Package 'src/my_robot_bringup' with type 'ros.ament_cmake' and name 'my_robot_bringup'
[1.583s] Level 1:colcon.colcon_core.package_identification:_identify(src/my_robot_description) by extensions ['ignore', 'ignore_ament_install']
[1.583s] Level 1:colcon.colcon_core.package_identification:_identify(src/my_robot_description) by extension 'ignore'
[1.583s] Level 1:colcon.colcon_core.package_identification:_identify(src/my_robot_description) by extension 'ignore_ament_install'
[1.583s] Level 1:colcon.colcon_core.package_identification:_identify(src/my_robot_description) by extensions ['colcon_pkg']
[1.583s] Level 1:colcon.colcon_core.package_identification:_identify(src/my_robot_description) by extension 'colcon_pkg'
[1.583s] Level 1:colcon.colcon_core.package_identification:_identify(src/my_robot_description) by extensions ['colcon_meta']
[1.583s] Level 1:colcon.colcon_core.package_identification:_identify(src/my_robot_description) by extension 'colcon_meta'
[1.583s] Level 1:colcon.colcon_core.package_identification:_identify(src/my_robot_description) by extensions ['ros']
[1.584s] Level 1:colcon.colcon_core.package_identification:_identify(src/my_robot_description) by extension 'ros'
[1.584s] DEBUG:colcon.colcon_core.package_identification:Package 'src/my_robot_description' with type 'ros.ament_cmake' and name 'my_robot_description'
[1.584s] Level 1:colcon.colcon_core.package_discovery:discover_packages(recursive) using defaults
[1.584s] Level 1:colcon.colcon_core.package_discovery:discover_packages(ignore) discover
[1.585s] Level 1:colcon.colcon_core.package_discovery:discover_packages(ignore) using defaults
[1.585s] Level 1:colcon.colcon_core.package_discovery:discover_packages(path) discover
[1.585s] Level 1:colcon.colcon_core.package_discovery:discover_packages(path) using defaults
[1.691s] Level 5:colcon.colcon_core.verb:set package 'my_robot_description' build argument 'cmake_args' from command line to 'None'
[1.691s] Level 5:colcon.colcon_core.verb:set package 'my_robot_description' build argument 'cmake_target' from command line to 'None'
[1.691s] Level 5:colcon.colcon_core.verb:set package 'my_robot_description' build argument 'cmake_target_skip_unavailable' from command line to 'False'
[1.691s] Level 5:colcon.colcon_core.verb:set package 'my_robot_description' build argument 'cmake_clean_cache' from command line to 'False'
[1.691s] Level 5:colcon.colcon_core.verb:set package 'my_robot_description' build argument 'cmake_clean_first' from command line to 'False'
[1.691s] Level 5:colcon.colcon_core.verb:set package 'my_robot_description' build argument 'cmake_force_configure' from command line to 'False'
[1.692s] Level 5:colcon.colcon_core.verb:set package 'my_robot_description' build argument 'ament_cmake_args' from command line to 'None'
[1.692s] Level 5:colcon.colcon_core.verb:set package 'my_robot_description' build argument 'catkin_cmake_args' from command line to 'None'
[1.692s] Level 5:colcon.colcon_core.verb:set package 'my_robot_description' build argument 'catkin_skip_building_tests' from command line to 'False'
[1.692s] DEBUG:colcon.colcon_core.verb:Building package 'my_robot_description' with the following arguments: {'ament_cmake_args': None, 'build_base': '/ros2_autonomous_robot/build/my_robot_description', 'catkin_cmake_args': None, 'catkin_skip_building_tests': False, 'cmake_args': None, 'cmake_clean_cache': False, 'cmake_clean_first': False, 'cmake_force_configure': False, 'cmake_target': None, 'cmake_target_skip_unavailable': False, 'install_base': '/ros2_autonomous_robot/install/my_robot_description', 'merge_install': False, 'path': '/ros2_autonomous_robot/src/my_robot_description', 'symlink_install': True, 'test_result_base': None}
[1.710s] Level 5:colcon.colcon_core.verb:set package 'my_robot_bringup' build argument 'cmake_args' from command line to 'None'
[1.710s] Level 5:colcon.colcon_core.verb:set package 'my_robot_bringup' build argument 'cmake_target' from command line to 'None'
[1.710s] Level 5:colcon.colcon_core.verb:set package 'my_robot_bringup' build argument 'cmake_target_skip_unavailable' from command line to 'False'
[1.710s] Level 5:colcon.colcon_core.verb:set package 'my_robot_bringup' build argument 'cmake_clean_cache' from command line to 'False'
[1.710s] Level 5:colcon.colcon_core.verb:set package 'my_robot_bringup' build argument 'cmake_clean_first' from command line to 'False'
[1.710s] Level 5:colcon.colcon_core.verb:set package 'my_robot_bringup' build argument 'cmake_force_configure' from command line to 'False'
[1.710s] Level 5:colcon.colcon_core.verb:set package 'my_robot_bringup' build argument 'ament_cmake_args' from command line to 'None'
[1.710s] Level 5:colcon.colcon_core.verb:set package 'my_robot_bringup' build argument 'catkin_cmake_args' from command line to 'None'
[1.710s] Level 5:colcon.colcon_core.verb:set package 'my_robot_bringup' build argument 'catkin_skip_building_tests' from command line to 'False'
[1.710s] DEBUG:colcon.colcon_core.verb:Building package 'my_robot_bringup' with the following arguments: {'ament_cmake_args': None, 'build_base': '/ros2_autonomous_robot/build/my_robot_bringup', 'catkin_cmake_args': None, 'catkin_skip_building_tests': False, 'cmake_args': None, 'cmake_clean_cache': False, 'cmake_clean_first': False, 'cmake_force_configure': False, 'cmake_target': None, 'cmake_target_skip_unavailable': False, 'install_base': '/ros2_autonomous_robot/install/my_robot_bringup', 'merge_install': False, 'path': '/ros2_autonomous_robot/src/my_robot_bringup', 'symlink_install': True, 'test_result_base': None}
[1.732s] INFO:colcon.colcon_core.executor:Executing jobs using 'parallel' executor
[1.762s] DEBUG:colcon.colcon_parallel_executor.executor.parallel:run_until_complete
[1.762s] INFO:colcon.colcon_ros.task.ament_cmake.build:Building ROS package in '/ros2_autonomous_robot/src/my_robot_description' with build type 'ament_cmake'
[1.762s] INFO:colcon.colcon_cmake.task.cmake.build:Building CMake package in '/ros2_autonomous_robot/src/my_robot_description'
[1.787s] INFO:colcon.colcon_core.plugin_system:Skipping extension 'colcon_core.shell.bat': Not used on non-Windows systems
[1.787s] INFO:colcon.colcon_core.shell:Skip shell extension 'powershell' for command environment: Not usable outside of PowerShell
[1.788s] DEBUG:colcon.colcon_core.shell:Skip shell extension 'dsv' for command environment
[1.864s] DEBUG:colcon.colcon_core.event_handler.log_command:Invoking command in '/ros2_autonomous_robot/build/my_robot_description': CMAKE_PREFIX_PATH=${CMAKE_PREFIX_PATH}:/opt/ros/humble /usr/bin/cmake --build /ros2_autonomous_robot/build/my_robot_description -- -j4 -l4
[1.931s] DEBUG:colcon.colcon_core.event_handler.log_command:Invoked command in '/ros2_autonomous_robot/build/my_robot_description' returned '0': CMAKE_PREFIX_PATH=${CMAKE_PREFIX_PATH}:/opt/ros/humble /usr/bin/cmake --build /ros2_autonomous_robot/build/my_robot_description -- -j4 -l4
[1.968s] DEBUG:colcon.colcon_core.event_handler.log_command:Invoking command in '/ros2_autonomous_robot/build/my_robot_description': CMAKE_PREFIX_PATH=${CMAKE_PREFIX_PATH}:/opt/ros/humble /usr/bin/cmake --install /ros2_autonomous_robot/build/my_robot_description
[2.016s] Level 1:colcon.colcon_core.environment:create_environment_scripts_only(my_robot_description)
[2.016s] DEBUG:colcon.colcon_core.event_handler.log_command:Invoked command in '/ros2_autonomous_robot/build/my_robot_description' returned '0': CMAKE_PREFIX_PATH=${CMAKE_PREFIX_PATH}:/opt/ros/humble /usr/bin/cmake --install /ros2_autonomous_robot/build/my_robot_description
[2.056s] Level 1:colcon.colcon_core.environment:checking '/ros2_autonomous_robot/install/my_robot_description' for CMake module files
[2.058s] Level 1:colcon.colcon_core.environment:checking '/ros2_autonomous_robot/install/my_robot_description' for CMake config files
[2.059s] Level 1:colcon.colcon_core.shell:create_environment_hook('my_robot_description', 'cmake_prefix_path')
[2.095s] INFO:colcon.colcon_core.shell:Creating environment hook '/ros2_autonomous_robot/install/my_robot_description/share/my_robot_description/hook/cmake_prefix_path.ps1'
[2.097s] INFO:colcon.colcon_core.shell:Creating environment descriptor '/ros2_autonomous_robot/install/my_robot_description/share/my_robot_description/hook/cmake_prefix_path.dsv'
[2.098s] INFO:colcon.colcon_core.shell:Creating environment hook '/ros2_autonomous_robot/install/my_robot_description/share/my_robot_description/hook/cmake_prefix_path.sh'
[2.102s] Level 1:colcon.colcon_core.environment:checking '/ros2_autonomous_robot/install/my_robot_description/bin'
[2.103s] Level 1:colcon.colcon_core.environment:checking '/ros2_autonomous_robot/install/my_robot_description/lib/pkgconfig/my_robot_description.pc'
[2.106s] Level 1:colcon.colcon_core.environment:checking '/ros2_autonomous_robot/install/my_robot_description/lib/python3.10/site-packages'
[2.107s] Level 1:colcon.colcon_core.environment:checking '/ros2_autonomous_robot/install/my_robot_description/bin'
[2.138s] INFO:colcon.colcon_core.shell:Creating package script '/ros2_autonomous_robot/install/my_robot_description/share/my_robot_description/package.ps1'
[2.140s] INFO:colcon.colcon_core.shell:Creating package descriptor '/ros2_autonomous_robot/install/my_robot_description/share/my_robot_description/package.dsv'
[2.141s] INFO:colcon.colcon_core.shell:Creating package script '/ros2_autonomous_robot/install/my_robot_description/share/my_robot_description/package.sh'
[2.142s] INFO:colcon.colcon_core.shell:Creating package script '/ros2_autonomous_robot/install/my_robot_description/share/my_robot_description/package.bash'
[2.144s] INFO:colcon.colcon_core.shell:Creating package script '/ros2_autonomous_robot/install/my_robot_description/share/my_robot_description/package.zsh'
[2.145s] Level 1:colcon.colcon_core.environment:create_file_with_runtime_dependencies(/ros2_autonomous_robot/install/my_robot_description/share/colcon-core/packages/my_robot_description)
[2.241s] Level 1:colcon.colcon_core.environment:create_environment_scripts_only(my_robot_description)
[2.280s] Level 1:colcon.colcon_core.environment:checking '/ros2_autonomous_robot/install/my_robot_description' for CMake module files
[2.286s] Level 1:colcon.colcon_core.environment:checking '/ros2_autonomous_robot/install/my_robot_description' for CMake config files
[2.286s] Level 1:colcon.colcon_core.shell:create_environment_hook('my_robot_description', 'cmake_prefix_path')
[2.325s] INFO:colcon.colcon_core.shell:Creating environment hook '/ros2_autonomous_robot/install/my_robot_description/share/my_robot_description/hook/cmake_prefix_path.ps1'
[2.326s] INFO:colcon.colcon_core.shell:Creating environment descriptor '/ros2_autonomous_robot/install/my_robot_description/share/my_robot_description/hook/cmake_prefix_path.dsv'
[2.327s] INFO:colcon.colcon_core.shell:Creating environment hook '/ros2_autonomous_robot/install/my_robot_description/share/my_robot_description/hook/cmake_prefix_path.sh'
[2.328s] Level 1:colcon.colcon_core.environment:checking '/ros2_autonomous_robot/install/my_robot_description/bin'
[2.328s] Level 1:colcon.colcon_core.environment:checking '/ros2_autonomous_robot/install/my_robot_description/lib/pkgconfig/my_robot_description.pc'
[2.329s] Level 1:colcon.colcon_core.environment:checking '/ros2_autonomous_robot/install/my_robot_description/lib/python3.10/site-packages'
[2.329s] Level 1:colcon.colcon_core.environment:checking '/ros2_autonomous_robot/install/my_robot_description/bin'
[2.371s] INFO:colcon.colcon_core.shell:Creating package script '/ros2_autonomous_robot/install/my_robot_description/share/my_robot_description/package.ps1'
[2.372s] INFO:colcon.colcon_core.shell:Creating package descriptor '/ros2_autonomous_robot/install/my_robot_description/share/my_robot_description/package.dsv'
[2.374s] INFO:colcon.colcon_core.shell:Creating package script '/ros2_autonomous_robot/install/my_robot_description/share/my_robot_description/package.sh'
[2.374s] INFO:colcon.colcon_core.shell:Creating package script '/ros2_autonomous_robot/install/my_robot_description/share/my_robot_description/package.bash'
[2.375s] INFO:colcon.colcon_core.shell:Creating package script '/ros2_autonomous_robot/install/my_robot_description/share/my_robot_description/package.zsh'
[2.376s] Level 1:colcon.colcon_core.environment:create_file_with_runtime_dependencies(/ros2_autonomous_robot/install/my_robot_description/share/colcon-core/packages/my_robot_description)
[2.376s] INFO:colcon.colcon_ros.task.ament_cmake.build:Building ROS package in '/ros2_autonomous_robot/src/my_robot_bringup' with build type 'ament_cmake'
[2.377s] INFO:colcon.colcon_cmake.task.cmake.build:Building CMake package in '/ros2_autonomous_robot/src/my_robot_bringup'
[2.423s] INFO:colcon.colcon_core.shell:Skip shell extension 'powershell' for command environment: Not usable outside of PowerShell
[2.423s] DEBUG:colcon.colcon_core.shell:Skip shell extension 'dsv' for command environment
[2.526s] DEBUG:colcon.colcon_core.event_handler.log_command:Invoking command in '/ros2_autonomous_robot/build/my_robot_bringup': CMAKE_PREFIX_PATH=/ros2_autonomous_robot/install/my_robot_description:/ros2_autonomous_robot/install/my_robot_bringup:/opt/ros/humble /usr/bin/cmake --build /ros2_autonomous_robot/build/my_robot_bringup -- -j4 -l4
[2.576s] DEBUG:colcon.colcon_core.event_handler.log_command:Invoked command in '/ros2_autonomous_robot/build/my_robot_bringup' returned '0': CMAKE_PREFIX_PATH=/ros2_autonomous_robot/install/my_robot_description:/ros2_autonomous_robot/install/my_robot_bringup:/opt/ros/humble /usr/bin/cmake --build /ros2_autonomous_robot/build/my_robot_bringup -- -j4 -l4
[2.613s] DEBUG:colcon.colcon_core.event_handler.log_command:Invoking command in '/ros2_autonomous_robot/build/my_robot_bringup': CMAKE_PREFIX_PATH=/ros2_autonomous_robot/install/my_robot_description:/ros2_autonomous_robot/install/my_robot_bringup:/opt/ros/humble /usr/bin/cmake --install /ros2_autonomous_robot/build/my_robot_bringup
[2.643s] Level 1:colcon.colcon_core.environment:create_environment_scripts_only(my_robot_bringup)
[2.644s] DEBUG:colcon.colcon_core.event_handler.log_command:Invoked command in '/ros2_autonomous_robot/build/my_robot_bringup' returned '0': CMAKE_PREFIX_PATH=/ros2_autonomous_robot/install/my_robot_description:/ros2_autonomous_robot/install/my_robot_bringup:/opt/ros/humble /usr/bin/cmake --install /ros2_autonomous_robot/build/my_robot_bringup
[2.663s] Level 1:colcon.colcon_core.environment:checking '/ros2_autonomous_robot/install/my_robot_bringup' for CMake module files
[2.663s] Level 1:colcon.colcon_core.environment:checking '/ros2_autonomous_robot/install/my_robot_bringup' for CMake config files
[2.664s] Level 1:colcon.colcon_core.shell:create_environment_hook('my_robot_bringup', 'cmake_prefix_path')
[2.683s] INFO:colcon.colcon_core.shell:Creating environment hook '/ros2_autonomous_robot/install/my_robot_bringup/share/my_robot_bringup/hook/cmake_prefix_path.ps1'
[2.684s] INFO:colcon.colcon_core.shell:Creating environment descriptor '/ros2_autonomous_robot/install/my_robot_bringup/share/my_robot_bringup/hook/cmake_prefix_path.dsv'
[2.684s] INFO:colcon.colcon_core.shell:Creating environment hook '/ros2_autonomous_robot/install/my_robot_bringup/share/my_robot_bringup/hook/cmake_prefix_path.sh'
[2.685s] Level 1:colcon.colcon_core.environment:checking '/ros2_autonomous_robot/install/my_robot_bringup/bin'
[2.685s] Level 1:colcon.colcon_core.environment:checking '/ros2_autonomous_robot/install/my_robot_bringup/lib/pkgconfig/my_robot_bringup.pc'
[2.685s] Level 1:colcon.colcon_core.environment:checking '/ros2_autonomous_robot/install/my_robot_bringup/lib/python3.10/site-packages'
[2.686s] Level 1:colcon.colcon_core.environment:checking '/ros2_autonomous_robot/install/my_robot_bringup/bin'
[2.709s] INFO:colcon.colcon_core.shell:Creating package script '/ros2_autonomous_robot/install/my_robot_bringup/share/my_robot_bringup/package.ps1'
[2.709s] INFO:colcon.colcon_core.shell:Creating package descriptor '/ros2_autonomous_robot/install/my_robot_bringup/share/my_robot_bringup/package.dsv'
[2.710s] INFO:colcon.colcon_core.shell:Creating package script '/ros2_autonomous_robot/install/my_robot_bringup/share/my_robot_bringup/package.sh'
[2.711s] INFO:colcon.colcon_core.shell:Creating package script '/ros2_autonomous_robot/install/my_robot_bringup/share/my_robot_bringup/package.bash'
[2.711s] INFO:colcon.colcon_core.shell:Creating package script '/ros2_autonomous_robot/install/my_robot_bringup/share/my_robot_bringup/package.zsh'
[2.712s] Level 1:colcon.colcon_core.environment:create_file_with_runtime_dependencies(/ros2_autonomous_robot/install/my_robot_bringup/share/colcon-core/packages/my_robot_bringup)
[2.755s] Level 1:colcon.colcon_core.environment:create_environment_scripts_only(my_robot_bringup)
[2.774s] Level 1:colcon.colcon_core.environment:checking '/ros2_autonomous_robot/install/my_robot_bringup' for CMake module files
[2.775s] Level 1:colcon.colcon_core.environment:checking '/ros2_autonomous_robot/install/my_robot_bringup' for CMake config files
[2.775s] Level 1:colcon.colcon_core.shell:create_environment_hook('my_robot_bringup', 'cmake_prefix_path')
[2.792s] INFO:colcon.colcon_core.shell:Creating environment hook '/ros2_autonomous_robot/install/my_robot_bringup/share/my_robot_bringup/hook/cmake_prefix_path.ps1'
[2.793s] INFO:colcon.colcon_core.shell:Creating environment descriptor '/ros2_autonomous_robot/install/my_robot_bringup/share/my_robot_bringup/hook/cmake_prefix_path.dsv'
[2.793s] INFO:colcon.colcon_core.shell:Creating environment hook '/ros2_autonomous_robot/install/my_robot_bringup/share/my_robot_bringup/hook/cmake_prefix_path.sh'
[2.794s] Level 1:colcon.colcon_core.environment:checking '/ros2_autonomous_robot/install/my_robot_bringup/bin'
[2.795s] Level 1:colcon.colcon_core.environment:checking '/ros2_autonomous_robot/install/my_robot_bringup/lib/pkgconfig/my_robot_bringup.pc'
[2.795s] Level 1:colcon.colcon_core.environment:checking '/ros2_autonomous_robot/install/my_robot_bringup/lib/python3.10/site-packages'
[2.796s] Level 1:colcon.colcon_core.environment:checking '/ros2_autonomous_robot/install/my_robot_bringup/bin'
[2.815s] INFO:colcon.colcon_core.shell:Creating package script '/ros2_autonomous_robot/install/my_robot_bringup/share/my_robot_bringup/package.ps1'
[2.815s] INFO:colcon.colcon_core.shell:Creating package descriptor '/ros2_autonomous_robot/install/my_robot_bringup/share/my_robot_bringup/package.dsv'
[2.816s] INFO:colcon.colcon_core.shell:Creating package script '/ros2_autonomous_robot/install/my_robot_bringup/share/my_robot_bringup/package.sh'
[2.817s] INFO:colcon.colcon_core.shell:Creating package script '/ros2_autonomous_robot/install/my_robot_bringup/share/my_robot_bringup/package.bash'
[2.818s] INFO:colcon.colcon_core.shell:Creating package script '/ros2_autonomous_robot/install/my_robot_bringup/share/my_robot_bringup/package.zsh'
[2.818s] Level 1:colcon.colcon_core.environment:create_file_with_runtime_dependencies(/ros2_autonomous_robot/install/my_robot_bringup/share/colcon-core/packages/my_robot_bringup)
[2.819s] DEBUG:colcon.colcon_parallel_executor.executor.parallel:closing loop
[2.819s] DEBUG:colcon.colcon_parallel_executor.executor.parallel:loop closed
[2.820s] DEBUG:colcon.colcon_parallel_executor.executor.parallel:run_until_complete finished with '0'
[2.820s] DEBUG:colcon.colcon_core.event_reactor:joining thread
[2.849s] INFO:colcon.colcon_core.plugin_system:Skipping extension 'colcon_notification.desktop_notification.notify_send': Could not find 'notify-send'
[2.849s] INFO:colcon.colcon_core.plugin_system:Skipping extension 'colcon_notification.desktop_notification.terminal_notifier': Not used on non-Darwin systems
[2.849s] INFO:colcon.colcon_core.plugin_system:Skipping extension 'colcon_notification.desktop_notification.win32': Not used on non-Windows systems
[2.849s] INFO:colcon.colcon_notification.desktop_notification:Sending desktop notification using 'notify2'
[2.852s] DEBUG:colcon.colcon_notification.desktop_notification.notify2:Failed to initialize notify2: org.freedesktop.DBus.Error.Spawn.ExecFailed: /usr/bin/dbus-launch terminated abnormally without any error message
[2.852s] DEBUG:colcon.colcon_core.event_reactor:joined thread
[2.873s] INFO:colcon.colcon_core.shell:Creating prefix script '/ros2_autonomous_robot/install/local_setup.ps1'
[2.874s] INFO:colcon.colcon_core.shell:Creating prefix util module '/ros2_autonomous_robot/install/_local_setup_util_ps1.py'
[2.876s] INFO:colcon.colcon_core.shell:Creating prefix chain script '/ros2_autonomous_robot/install/setup.ps1'
[2.894s] INFO:colcon.colcon_core.shell:Creating prefix script '/ros2_autonomous_robot/install/local_setup.sh'
[2.894s] INFO:colcon.colcon_core.shell:Creating prefix util module '/ros2_autonomous_robot/install/_local_setup_util_sh.py'
[2.895s] INFO:colcon.colcon_core.shell:Creating prefix chain script '/ros2_autonomous_robot/install/setup.sh'
[2.913s] INFO:colcon.colcon_core.shell:Creating prefix script '/ros2_autonomous_robot/install/local_setup.bash'
[2.914s] INFO:colcon.colcon_core.shell:Creating prefix chain script '/ros2_autonomous_robot/install/setup.bash'
[2.932s] INFO:colcon.colcon_core.shell:Creating prefix script '/ros2_autonomous_robot/install/local_setup.zsh'
[2.933s] INFO:colcon.colcon_core.shell:Creating prefix chain script '/ros2_autonomous_robot/install/setup.zsh'
